[32m  INFO[0m: Launching config: "/home/matt/.config/quickshell/shell.qml"
[32m  INFO[0m: Shell ID: "0a0891c93b66ea478911a5fa18d6b684" Path ID "0a0891c93b66ea478911a5fa18d6b684"
[32m  INFO[0m: Saving logs to "/run/user/1000/quickshell/by-id/tdg81slazs/log.qslog"
[33m  WARN[0m: Could not attach Keys property to:  qs::wayland::layershell::WaylandPanelInterface_QML_526(0x7fc3256ad940, name = "menuWindow")  is not an Item
[34m DEBUG[97m qml[0m: [Sidebar] PowerProfiles.profile on load: 1
[33m  WARN[0m: Received unexpected PlaybackStatus for qs::service::mpris::MprisPlayer(0x7fc316fcb400) ""
[33m  WARN[0m: Received unexpected LoopStatus for qs::service::mpris::MprisPlayer(0x7fc316fcb400) ""
[33m  WARN[97m scene[0m: QML QQuickImage at **/modules/common/widgets/SystemIcon.qml[242:5]: Cannot open: file:///home/matt/.config/quickshell/modules/common/widgets/gnome-terminal
[31m ERROR[0m: Cannot call mapFromItem before item is a member of a window.
[33m  WARN[97m scene[0m: QML Settings at **/modules/bar/Weather.qml[19:5]: Failed to initialize QSettings instance. Status code is: 1
[33m  WARN[97m scene[0m: QML Settings at **/modules/bar/Weather.qml[19:5]: The following application identifiers have not been set: QList("organizationName", "organizationDomain")
[33m  WARN[97m scene[0m: QML Settings at **/services/Weather.qml[24:5]: Failed to initialize QSettings instance. Status code is: 1
[33m  WARN[97m scene[0m: QML Settings at **/services/Weather.qml[24:5]: The following application identifiers have not been set: QList("organizationName", "organizationDomain")
[33m  WARN[97m scene[0m: **/modules/bar/Workspaces.qml[18:5]: Unable to assign [undefined] to bool
[33m  WARN[97m scene[0m: **/modules/bar/ClockWidget.qml[8:5]: Unable to assign [undefined] to bool
[33m  WARN[97m scene[0m: **/modules/bar/Media.qml[14:5]: Unable to assign [undefined] to bool
[33m  WARN[97m scene[0m: **/modules/dock/DockApps.qml[169:17]: Unable to assign [undefined] to QColor
[33m  WARN[97m scene[0m: **/modules/sidebarRight/notifications/NotificationList.qml[134:25]: Unable to assign [undefined] to int
[33m  WARN[97m scene[0m: **/modules/sidebarRight/SidebarRight.qml[30:5]: Unable to assign [undefined] to QUrl
[33m  WARN[97m scene[0m: **/modules/sidebarLeft/wifi/WifiPage.qml[100:25]: Unable to assign [undefined] to int
[33m  WARN[97m scene[0m: **/modules/sidebarLeft/wifi/WifiPage.qml[420:25]: Unable to assign [undefined] to int
[32m  INFO[97m quickshell.service.notifications[0m: Starting notification server
[33m  WARN[97m quickshell.service.notifications[0m: Could not register notification server at org.freedesktop.Notifications, presumably because one is already registered.
[33m  WARN[97m quickshell.service.notifications[0m: Registration will be attempted again if the active service is unregistered.
[32m  INFO[0m: Configuration Loaded
[33m  WARN[97m scene[0m: QML QQuickItem at **/modules/bar/Bar.qml[607:29]: Item is visible and has visible children, but has zero height
[33m  WARN[97m scene[0m: QML Weather at **/modules/bar/Bar.qml[611:33]: Item is visible and has visible children, but has zero height
[34m DEBUG[97m qml[0m: [Sidebar] PowerProfiles.profile changed: 0
[33m  WARN[97m quickshell.dbus.properties[0m: "DesktopEntry" missing from property set for "org.mpris.MediaPlayer2.chromium.instance42854/org/mpris/MediaPlayer2/org.mpris.MediaPlayer2"
[33m  WARN[97m quickshell.hyprland.ipc[0m: Dispatch request "keyword monitor,desc:dummy,disabled" failed with error "Invalid dispatcher"
[33m  WARN[97m scene[0m: **/modules/sidebarLeft/wifi/WifiPage.qml[485:45]: Unable to assign [undefined] to int
[33m  WARN[97m scene[0m: **/modules/sidebarLeft/wifi/WifiPage.qml[516:45]: Unable to assign [undefined] to int
[33m  WARN[97m scene[0m: **/modules/sidebarLeft/wifi/WifiPage.qml[523:49]: Unable to assign [undefined] to int
[33m  WARN[97m scene[0m: **/modules/sidebarLeft/wifi/WifiPage.qml[531:49]: Unable to assign [undefined] to int
[33m  WARN[0m: Searching custom icon paths is not yet supported. Icon path will be ignored for "steam_tray_mono?path=/home/matt/.local/share/Steam/public"
[33m  WARN[0m: Searching custom icon paths is not yet supported. Icon path will be ignored for "steam_tray_mono?path=/home/matt/.local/share/Steam/public"
[33m  WARN[0m: Searching custom icon paths is not yet supported. Icon path will be ignored for "steam_tray_mono?path=/home/matt/.local/share/Steam/public"
[33m  WARN[97m quickshell.hyprland.ipc[0m: Dispatch request "workspace 4" failed with error "Previous workspace doesn't exist"
[33m  WARN[97m quickshell.hyprland.ipc[0m: Dispatch request "workspace 3" failed with error "Previous workspace doesn't exist"
[33m  WARN[97m scene[0m: **/modules/sidebarLeft/wifi/WifiPage.qml[485:45]: Unable to assign [undefined] to int
[33m  WARN[97m scene[0m: **/modules/sidebarLeft/wifi/WifiPage.qml[516:45]: Unable to assign [undefined] to int
[33m  WARN[97m scene[0m: **/modules/sidebarLeft/wifi/WifiPage.qml[523:49]: Unable to assign [undefined] to int
[33m  WARN[97m scene[0m: **/modules/sidebarLeft/wifi/WifiPage.qml[531:49]: Unable to assign [undefined] to int
[33m  WARN[97m scene[0m: **/modules/sidebarLeft/wifi/WifiPage.qml[485:45]: Unable to assign [undefined] to int
[33m  WARN[97m scene[0m: **/modules/sidebarLeft/wifi/WifiPage.qml[516:45]: Unable to assign [undefined] to int
[33m  WARN[97m scene[0m: **/modules/sidebarLeft/wifi/WifiPage.qml[523:49]: Unable to assign [undefined] to int
[33m  WARN[97m scene[0m: **/modules/sidebarLeft/wifi/WifiPage.qml[531:49]: Unable to assign [undefined] to int
[33m  WARN[97m scene[0m: **/modules/sidebarLeft/wifi/WifiPage.qml[485:45]: Unable to assign [undefined] to int
[33m  WARN[97m scene[0m: **/modules/sidebarLeft/wifi/WifiPage.qml[516:45]: Unable to assign [undefined] to int
[33m  WARN[97m scene[0m: **/modules/sidebarLeft/wifi/WifiPage.qml[523:49]: Unable to assign [undefined] to int
[33m  WARN[97m scene[0m: **/modules/sidebarLeft/wifi/WifiPage.qml[531:49]: Unable to assign [undefined] to int
[33m  WARN[97m scene[0m: **/modules/sidebarLeft/wifi/WifiPage.qml[485:45]: Unable to assign [undefined] to int
[33m  WARN[97m scene[0m: **/modules/sidebarLeft/wifi/WifiPage.qml[516:45]: Unable to assign [undefined] to int
[33m  WARN[97m scene[0m: **/modules/sidebarLeft/wifi/WifiPage.qml[523:49]: Unable to assign [undefined] to int
[33m  WARN[97m scene[0m: **/modules/sidebarLeft/wifi/WifiPage.qml[531:49]: Unable to assign [undefined] to int
[33m  WARN[97m scene[0m: **/modules/sidebarLeft/wifi/WifiPage.qml[485:45]: Unable to assign [undefined] to int
[33m  WARN[97m scene[0m: **/modules/sidebarLeft/wifi/WifiPage.qml[516:45]: Unable to assign [undefined] to int
[33m  WARN[97m scene[0m: **/modules/sidebarLeft/wifi/WifiPage.qml[523:49]: Unable to assign [undefined] to int
[33m  WARN[97m scene[0m: **/modules/sidebarLeft/wifi/WifiPage.qml[531:49]: Unable to assign [undefined] to int
[33m  WARN[97m scene[0m: **/modules/sidebarLeft/wifi/WifiPage.qml[485:45]: Unable to assign [undefined] to int
[33m  WARN[97m scene[0m: **/modules/sidebarLeft/wifi/WifiPage.qml[516:45]: Unable to assign [undefined] to int
[33m  WARN[97m scene[0m: **/modules/sidebarLeft/wifi/WifiPage.qml[523:49]: Unable to assign [undefined] to int
[33m  WARN[97m scene[0m: **/modules/sidebarLeft/wifi/WifiPage.qml[531:49]: Unable to assign [undefined] to int
[33m  WARN[97m scene[0m: **/modules/sidebarLeft/wifi/WifiPage.qml[485:45]: Unable to assign [undefined] to int
[33m  WARN[97m scene[0m: **/modules/sidebarLeft/wifi/WifiPage.qml[516:45]: Unable to assign [undefined] to int
[33m  WARN[97m scene[0m: **/modules/sidebarLeft/wifi/WifiPage.qml[523:49]: Unable to assign [undefined] to int
[33m  WARN[97m scene[0m: **/modules/sidebarLeft/wifi/WifiPage.qml[531:49]: Unable to assign [undefined] to int
[33m  WARN[97m scene[0m: **/modules/sidebarLeft/wifi/WifiPage.qml[485:45]: Unable to assign [undefined] to int
[33m  WARN[97m scene[0m: **/modules/sidebarLeft/wifi/WifiPage.qml[516:45]: Unable to assign [undefined] to int
[33m  WARN[97m scene[0m: **/modules/sidebarLeft/wifi/WifiPage.qml[523:49]: Unable to assign [undefined] to int
[33m  WARN[97m scene[0m: **/modules/sidebarLeft/wifi/WifiPage.qml[531:49]: Unable to assign [undefined] to int
[33m  WARN[97m scene[0m: **/modules/sidebarLeft/wifi/WifiPage.qml[485:45]: Unable to assign [undefined] to int
[33m  WARN[97m scene[0m: **/modules/sidebarLeft/wifi/WifiPage.qml[516:45]: Unable to assign [undefined] to int
[33m  WARN[97m scene[0m: **/modules/sidebarLeft/wifi/WifiPage.qml[523:49]: Unable to assign [undefined] to int
[33m  WARN[97m scene[0m: **/modules/sidebarLeft/wifi/WifiPage.qml[531:49]: Unable to assign [undefined] to int
[33m  WARN[97m scene[0m: **/modules/sidebarLeft/wifi/WifiPage.qml[485:45]: Unable to assign [undefined] to int
[33m  WARN[97m scene[0m: **/modules/sidebarLeft/wifi/WifiPage.qml[516:45]: Unable to assign [undefined] to int
[33m  WARN[97m scene[0m: **/modules/sidebarLeft/wifi/WifiPage.qml[523:49]: Unable to assign [undefined] to int
[33m  WARN[97m scene[0m: **/modules/sidebarLeft/wifi/WifiPage.qml[531:49]: Unable to assign [undefined] to int
[33m  WARN[97m scene[0m: **/modules/sidebarLeft/wifi/WifiPage.qml[485:45]: Unable to assign [undefined] to int
[33m  WARN[97m scene[0m: **/modules/sidebarLeft/wifi/WifiPage.qml[516:45]: Unable to assign [undefined] to int
[33m  WARN[97m scene[0m: **/modules/sidebarLeft/wifi/WifiPage.qml[523:49]: Unable to assign [undefined] to int
[33m  WARN[97m scene[0m: **/modules/sidebarLeft/wifi/WifiPage.qml[531:49]: Unable to assign [undefined] to int
[33m  WARN[97m scene[0m: **/modules/sidebarLeft/wifi/WifiPage.qml[485:45]: Unable to assign [undefined] to int
[33m  WARN[97m scene[0m: **/modules/sidebarLeft/wifi/WifiPage.qml[516:45]: Unable to assign [undefined] to int
[33m  WARN[97m scene[0m: **/modules/sidebarLeft/wifi/WifiPage.qml[523:49]: Unable to assign [undefined] to int
[33m  WARN[97m scene[0m: **/modules/sidebarLeft/wifi/WifiPage.qml[531:49]: Unable to assign [undefined] to int
[33m  WARN[97m scene[0m: **/modules/sidebarLeft/wifi/WifiPage.qml[485:45]: Unable to assign [undefined] to int
[33m  WARN[97m scene[0m: **/modules/sidebarLeft/wifi/WifiPage.qml[516:45]: Unable to assign [undefined] to int
[33m  WARN[97m scene[0m: **/modules/sidebarLeft/wifi/WifiPage.qml[523:49]: Unable to assign [undefined] to int
[33m  WARN[97m scene[0m: **/modules/sidebarLeft/wifi/WifiPage.qml[531:49]: Unable to assign [undefined] to int
[33m  WARN[97m scene[0m: **/modules/sidebarLeft/wifi/WifiPage.qml[485:45]: Unable to assign [undefined] to int
[33m  WARN[97m scene[0m: **/modules/sidebarLeft/wifi/WifiPage.qml[516:45]: Unable to assign [undefined] to int
[33m  WARN[97m scene[0m: **/modules/sidebarLeft/wifi/WifiPage.qml[523:49]: Unable to assign [undefined] to int
[33m  WARN[97m scene[0m: **/modules/sidebarLeft/wifi/WifiPage.qml[531:49]: Unable to assign [undefined] to int
[33m  WARN[97m scene[0m: **/modules/sidebarLeft/wifi/WifiPage.qml[485:45]: Unable to assign [undefined] to int
[33m  WARN[97m scene[0m: **/modules/sidebarLeft/wifi/WifiPage.qml[516:45]: Unable to assign [undefined] to int
[33m  WARN[97m scene[0m: **/modules/sidebarLeft/wifi/WifiPage.qml[523:49]: Unable to assign [undefined] to int
[33m  WARN[97m scene[0m: **/modules/sidebarLeft/wifi/WifiPage.qml[531:49]: Unable to assign [undefined] to int
[33m  WARN[97m scene[0m: **/modules/sidebarLeft/wifi/WifiPage.qml[485:45]: Unable to assign [undefined] to int
[33m  WARN[97m scene[0m: **/modules/sidebarLeft/wifi/WifiPage.qml[516:45]: Unable to assign [undefined] to int
[33m  WARN[97m scene[0m: **/modules/sidebarLeft/wifi/WifiPage.qml[523:49]: Unable to assign [undefined] to int
[33m  WARN[97m scene[0m: **/modules/sidebarLeft/wifi/WifiPage.qml[531:49]: Unable to assign [undefined] to int
[33m  WARN[97m scene[0m: **/modules/sidebarLeft/wifi/WifiPage.qml[485:45]: Unable to assign [undefined] to int
[33m  WARN[97m scene[0m: **/modules/sidebarLeft/wifi/WifiPage.qml[516:45]: Unable to assign [undefined] to int
[33m  WARN[97m scene[0m: **/modules/sidebarLeft/wifi/WifiPage.qml[523:49]: Unable to assign [undefined] to int
[33m  WARN[97m scene[0m: **/modules/sidebarLeft/wifi/WifiPage.qml[531:49]: Unable to assign [undefined] to int
[33m  WARN[97m scene[0m: **/modules/sidebarLeft/wifi/WifiPage.qml[485:45]: Unable to assign [undefined] to int
[33m  WARN[97m scene[0m: **/modules/sidebarLeft/wifi/WifiPage.qml[516:45]: Unable to assign [undefined] to int
[33m  WARN[97m scene[0m: **/modules/sidebarLeft/wifi/WifiPage.qml[523:49]: Unable to assign [undefined] to int
[33m  WARN[97m scene[0m: **/modules/sidebarLeft/wifi/WifiPage.qml[531:49]: Unable to assign [undefined] to int
[33m  WARN[97m scene[0m: **/modules/sidebarLeft/wifi/WifiPage.qml[485:45]: Unable to assign [undefined] to int
[33m  WARN[97m scene[0m: **/modules/sidebarLeft/wifi/WifiPage.qml[516:45]: Unable to assign [undefined] to int
[33m  WARN[97m scene[0m: **/modules/sidebarLeft/wifi/WifiPage.qml[523:49]: Unable to assign [undefined] to int
[33m  WARN[97m scene[0m: **/modules/sidebarLeft/wifi/WifiPage.qml[531:49]: Unable to assign [undefined] to int
[33m  WARN[97m scene[0m: **/modules/sidebarLeft/wifi/WifiPage.qml[485:45]: Unable to assign [undefined] to int
[33m  WARN[97m scene[0m: **/modules/sidebarLeft/wifi/WifiPage.qml[516:45]: Unable to assign [undefined] to int
[33m  WARN[97m scene[0m: **/modules/sidebarLeft/wifi/WifiPage.qml[523:49]: Unable to assign [undefined] to int
[33m  WARN[97m scene[0m: **/modules/sidebarLeft/wifi/WifiPage.qml[531:49]: Unable to assign [undefined] to int
[33m  WARN[97m scene[0m: **/modules/sidebarLeft/wifi/WifiPage.qml[485:45]: Unable to assign [undefined] to int
[33m  WARN[97m scene[0m: **/modules/sidebarLeft/wifi/WifiPage.qml[516:45]: Unable to assign [undefined] to int
[33m  WARN[97m scene[0m: **/modules/sidebarLeft/wifi/WifiPage.qml[523:49]: Unable to assign [undefined] to int
[33m  WARN[97m scene[0m: **/modules/sidebarLeft/wifi/WifiPage.qml[531:49]: Unable to assign [undefined] to int
[32m  INFO[0m: Reloading configuration...
[33m  WARN[0m: Could not attach Keys property to:  qs::wayland::layershell::WaylandPanelInterface_QML_891(0x7fc2ed87a140, name = "menuWindow")  is not an Item
[34m DEBUG[97m qml[0m: [Sidebar] PowerProfiles.profile on load: 0
[33m  WARN[97m scene[0m: QML QQuickImage at **/modules/common/widgets/SystemIcon.qml[242:5]: Cannot open: file:///home/matt/.config/quickshell/modules/common/widgets/gnome-terminal
[31m ERROR[0m: Cannot call mapFromItem before item is a member of a window.
[33m  WARN[0m: Searching custom icon paths is not yet supported. Icon path will be ignored for "steam_tray_mono?path=/home/matt/.local/share/Steam/public"
[33m  WARN[0m: Searching custom icon paths is not yet supported. Icon path will be ignored for "steam_tray_mono?path=/home/matt/.local/share/Steam/public"
[33m  WARN[97m scene[0m: QML Settings at **/modules/bar/Weather.qml[19:5]: Failed to initialize QSettings instance. Status code is: 1
[33m  WARN[97m scene[0m: QML Settings at **/modules/bar/Weather.qml[19:5]: The following application identifiers have not been set: QList("organizationName", "organizationDomain")
[33m  WARN[97m scene[0m: QML Settings at **/services/Weather.qml[24:5]: Failed to initialize QSettings instance. Status code is: 1
[33m  WARN[97m scene[0m: QML Settings at **/services/Weather.qml[24:5]: The following application identifiers have not been set: QList("organizationName", "organizationDomain")
[33m  WARN[97m scene[0m: **/modules/bar/Workspaces.qml[18:5]: Unable to assign [undefined] to bool
[33m  WARN[97m scene[0m: **/modules/bar/ClockWidget.qml[8:5]: Unable to assign [undefined] to bool
[33m  WARN[97m scene[0m: **/modules/bar/Media.qml[14:5]: Unable to assign [undefined] to bool
[33m  WARN[97m scene[0m: **/modules/dock/DockApps.qml[169:17]: Unable to assign [undefined] to QColor
[33m  WARN[97m scene[0m: **/modules/sidebarRight/notifications/NotificationList.qml[134:25]: Unable to assign [undefined] to int
[33m  WARN[97m scene[0m: **/modules/sidebarRight/SidebarRight.qml[30:5]: Unable to assign [undefined] to QUrl
[33m  WARN[97m scene[0m: **/modules/sidebarLeft/wifi/WifiPage.qml[100:25]: Unable to assign [undefined] to int
[33m  WARN[97m scene[0m: **/modules/sidebarLeft/wifi/WifiPage.qml[420:25]: Unable to assign [undefined] to int
[32m  INFO[0m: Configuration Loaded
[33m  WARN[0m: QProcess: Destroyed while process ("bash") is still running.
[33m  WARN[97m quickshell.hyprland.ipc[0m: Dispatch request "version" failed with error "Invalid dispatcher"
[33m  WARN[97m scene[0m: QML QQuickItem at **/modules/bar/Bar.qml[607:29]: Item is visible and has visible children, but has zero height
[33m  WARN[97m scene[0m: QML Weather at **/modules/bar/Bar.qml[611:33]: Item is visible and has visible children, but has zero height
[33m  WARN[97m scene[0m: **/modules/sidebarLeft/wifi/WifiPage.qml[485:45]: Unable to assign [undefined] to int
[33m  WARN[97m scene[0m: **/modules/sidebarLeft/wifi/WifiPage.qml[516:45]: Unable to assign [undefined] to int
[33m  WARN[97m scene[0m: **/modules/sidebarLeft/wifi/WifiPage.qml[523:49]: Unable to assign [undefined] to int
[33m  WARN[97m scene[0m: **/modules/sidebarLeft/wifi/WifiPage.qml[531:49]: Unable to assign [undefined] to int
[32m  INFO[0m: Reloading configuration...
[33m  WARN[0m: Could not attach Keys property to:  qs::wayland::layershell::WaylandPanelInterface_QML_1241(0x7fc31c4f9f40, name = "menuWindow")  is not an Item
[34m DEBUG[97m qml[0m: [Sidebar] PowerProfiles.profile on load: 0
[33m  WARN[97m scene[0m: QML QQuickImage at **/modules/common/widgets/SystemIcon.qml[242:5]: Cannot open: file:///home/matt/.config/quickshell/modules/common/widgets/gnome-terminal
[31m ERROR[0m: Cannot call mapFromItem before item is a member of a window.
[33m  WARN[0m: Searching custom icon paths is not yet supported. Icon path will be ignored for "steam_tray_mono?path=/home/matt/.local/share/Steam/public"
[33m  WARN[0m: Searching custom icon paths is not yet supported. Icon path will be ignored for "steam_tray_mono?path=/home/matt/.local/share/Steam/public"
[33m  WARN[97m scene[0m: QML Settings at **/modules/bar/Weather.qml[19:5]: Failed to initialize QSettings instance. Status code is: 1
[33m  WARN[97m scene[0m: QML Settings at **/modules/bar/Weather.qml[19:5]: The following application identifiers have not been set: QList("organizationName", "organizationDomain")
[33m  WARN[97m scene[0m: QML Settings at **/services/Weather.qml[24:5]: Failed to initialize QSettings instance. Status code is: 1
[33m  WARN[97m scene[0m: QML Settings at **/services/Weather.qml[24:5]: The following application identifiers have not been set: QList("organizationName", "organizationDomain")
[33m  WARN[97m scene[0m: **/modules/bar/ClockWidget.qml[8:5]: Unable to assign [undefined] to bool
[33m  WARN[97m scene[0m: **/modules/bar/Media.qml[14:5]: Unable to assign [undefined] to bool
[33m  WARN[97m scene[0m: **/modules/dock/DockApps.qml[169:17]: Unable to assign [undefined] to QColor
[33m  WARN[97m scene[0m: **/modules/sidebarRight/notifications/NotificationList.qml[134:25]: Unable to assign [undefined] to int
[33m  WARN[97m scene[0m: **/modules/sidebarRight/SidebarRight.qml[30:5]: Unable to assign [undefined] to QUrl
[33m  WARN[97m scene[0m: **/modules/sidebarLeft/wifi/WifiPage.qml[100:25]: Unable to assign [undefined] to int
[33m  WARN[97m scene[0m: **/modules/sidebarLeft/wifi/WifiPage.qml[420:25]: Unable to assign [undefined] to int
[32m  INFO[0m: Configuration Loaded
[33m  WARN[0m: QProcess: Destroyed while process ("bash") is still running.
[33m  WARN[97m quickshell.hyprland.ipc[0m: Dispatch request "version" failed with error "Invalid dispatcher"
[33m  WARN[97m scene[0m: QML QQuickItem at **/modules/bar/Bar.qml[607:29]: Item is visible and has visible children, but has zero height
[33m  WARN[97m scene[0m: QML Weather at **/modules/bar/Bar.qml[611:33]: Item is visible and has visible children, but has zero height
[33m  WARN[97m scene[0m: **/modules/sidebarLeft/wifi/WifiPage.qml[485:45]: Unable to assign [undefined] to int
[33m  WARN[97m scene[0m: **/modules/sidebarLeft/wifi/WifiPage.qml[516:45]: Unable to assign [undefined] to int
[33m  WARN[97m scene[0m: **/modules/sidebarLeft/wifi/WifiPage.qml[523:49]: Unable to assign [undefined] to int
[33m  WARN[97m scene[0m: **/modules/sidebarLeft/wifi/WifiPage.qml[531:49]: Unable to assign [undefined] to int
[32m  INFO[0m: Reloading configuration...
[33m  WARN[0m: Could not attach Keys property to:  qs::wayland::layershell::WaylandPanelInterface_QML_1591(0x7fc3130b7640, name = "menuWindow")  is not an Item
[34m DEBUG[97m qml[0m: [Sidebar] PowerProfiles.profile on load: 0
[33m  WARN[97m scene[0m: QML QQuickImage at **/modules/common/widgets/SystemIcon.qml[242:5]: Cannot open: file:///home/matt/.config/quickshell/modules/common/widgets/gnome-terminal
[31m ERROR[0m: Cannot call mapFromItem before item is a member of a window.
[33m  WARN[0m: Searching custom icon paths is not yet supported. Icon path will be ignored for "steam_tray_mono?path=/home/matt/.local/share/Steam/public"
[33m  WARN[0m: Searching custom icon paths is not yet supported. Icon path will be ignored for "steam_tray_mono?path=/home/matt/.local/share/Steam/public"
[33m  WARN[97m scene[0m: QML Settings at **/modules/bar/Weather.qml[19:5]: Failed to initialize QSettings instance. Status code is: 1
[33m  WARN[97m scene[0m: QML Settings at **/modules/bar/Weather.qml[19:5]: The following application identifiers have not been set: QList("organizationName", "organizationDomain")
[33m  WARN[97m scene[0m: QML Settings at **/services/Weather.qml[24:5]: Failed to initialize QSettings instance. Status code is: 1
[33m  WARN[97m scene[0m: QML Settings at **/services/Weather.qml[24:5]: The following application identifiers have not been set: QList("organizationName", "organizationDomain")
[33m  WARN[97m scene[0m: **/modules/bar/Media.qml[14:5]: Unable to assign [undefined] to bool
[33m  WARN[97m scene[0m: **/modules/dock/DockApps.qml[169:17]: Unable to assign [undefined] to QColor
[33m  WARN[97m scene[0m: **/modules/sidebarRight/notifications/NotificationList.qml[134:25]: Unable to assign [undefined] to int
[33m  WARN[97m scene[0m: **/modules/sidebarRight/SidebarRight.qml[30:5]: Unable to assign [undefined] to QUrl
[33m  WARN[97m scene[0m: **/modules/sidebarLeft/wifi/WifiPage.qml[100:25]: Unable to assign [undefined] to int
[33m  WARN[97m scene[0m: **/modules/sidebarLeft/wifi/WifiPage.qml[420:25]: Unable to assign [undefined] to int
[32m  INFO[0m: Configuration Loaded
[33m  WARN[97m quickshell.hyprland.ipc[0m: Dispatch request "version" failed with error "Invalid dispatcher"
[33m  WARN[97m scene[0m: QML QQuickItem at **/modules/bar/Bar.qml[607:29]: Item is visible and has visible children, but has zero height
[33m  WARN[97m scene[0m: QML Weather at **/modules/bar/Bar.qml[611:33]: Item is visible and has visible children, but has zero height
[33m  WARN[97m scene[0m: **/modules/sidebarLeft/wifi/WifiPage.qml[485:45]: Unable to assign [undefined] to int
[33m  WARN[97m scene[0m: **/modules/sidebarLeft/wifi/WifiPage.qml[516:45]: Unable to assign [undefined] to int
[33m  WARN[97m scene[0m: **/modules/sidebarLeft/wifi/WifiPage.qml[523:49]: Unable to assign [undefined] to int
[33m  WARN[97m scene[0m: **/modules/sidebarLeft/wifi/WifiPage.qml[531:49]: Unable to assign [undefined] to int
[32m  INFO[0m: Reloading configuration...
[33m  WARN[0m: Could not attach Keys property to:  qs::wayland::layershell::WaylandPanelInterface_QML_1941(0x7fc31c5dd680, name = "menuWindow")  is not an Item
[34m DEBUG[97m qml[0m: [Sidebar] PowerProfiles.profile on load: 0
[33m  WARN[97m scene[0m: QML QQuickImage at **/modules/common/widgets/SystemIcon.qml[242:5]: Cannot open: file:///home/matt/.config/quickshell/modules/common/widgets/gnome-terminal
[31m ERROR[0m: Cannot call mapFromItem before item is a member of a window.
[33m  WARN[0m: Searching custom icon paths is not yet supported. Icon path will be ignored for "steam_tray_mono?path=/home/matt/.local/share/Steam/public"
[33m  WARN[0m: Searching custom icon paths is not yet supported. Icon path will be ignored for "steam_tray_mono?path=/home/matt/.local/share/Steam/public"
[33m  WARN[97m scene[0m: QML Settings at **/modules/bar/Weather.qml[19:5]: Failed to initialize QSettings instance. Status code is: 1
[33m  WARN[97m scene[0m: QML Settings at **/modules/bar/Weather.qml[19:5]: The following application identifiers have not been set: QList("organizationName", "organizationDomain")
[33m  WARN[97m scene[0m: QML Settings at **/services/Weather.qml[24:5]: Failed to initialize QSettings instance. Status code is: 1
[33m  WARN[97m scene[0m: QML Settings at **/services/Weather.qml[24:5]: The following application identifiers have not been set: QList("organizationName", "organizationDomain")
[33m  WARN[97m scene[0m: **/modules/dock/DockApps.qml[169:17]: Unable to assign [undefined] to QColor
[33m  WARN[97m scene[0m: **/modules/sidebarRight/notifications/NotificationList.qml[134:25]: Unable to assign [undefined] to int
[33m  WARN[97m scene[0m: **/modules/sidebarRight/SidebarRight.qml[30:5]: Unable to assign [undefined] to QUrl
[33m  WARN[97m scene[0m: **/modules/sidebarLeft/wifi/WifiPage.qml[100:25]: Unable to assign [undefined] to int
[33m  WARN[97m scene[0m: **/modules/sidebarLeft/wifi/WifiPage.qml[420:25]: Unable to assign [undefined] to int
[32m  INFO[0m: Configuration Loaded
[33m  WARN[97m quickshell.hyprland.ipc[0m: Dispatch request "version" failed with error "Invalid dispatcher"
[33m  WARN[97m scene[0m: QML QQuickItem at **/modules/bar/Bar.qml[607:29]: Item is visible and has visible children, but has zero height
[33m  WARN[97m scene[0m: QML Weather at **/modules/bar/Bar.qml[611:33]: Item is visible and has visible children, but has zero height
[33m  WARN[97m scene[0m: **/modules/sidebarLeft/wifi/WifiPage.qml[485:45]: Unable to assign [undefined] to int
[33m  WARN[97m scene[0m: **/modules/sidebarLeft/wifi/WifiPage.qml[516:45]: Unable to assign [undefined] to int
[33m  WARN[97m scene[0m: **/modules/sidebarLeft/wifi/WifiPage.qml[523:49]: Unable to assign [undefined] to int
[33m  WARN[97m scene[0m: **/modules/sidebarLeft/wifi/WifiPage.qml[531:49]: Unable to assign [undefined] to int
[32m  INFO[0m: Reloading configuration...
[33m  WARN[0m: Could not attach Keys property to:  qs::wayland::layershell::WaylandPanelInterface_QML_2291(0x7fc313062340, name = "menuWindow")  is not an Item
[34m DEBUG[97m qml[0m: [Sidebar] PowerProfiles.profile on load: 0
[33m  WARN[97m scene[0m: QML QQuickImage at **/modules/common/widgets/SystemIcon.qml[242:5]: Cannot open: file:///home/matt/.config/quickshell/modules/common/widgets/gnome-terminal
[31m ERROR[0m: Cannot call mapFromItem before item is a member of a window.
[33m  WARN[0m: Searching custom icon paths is not yet supported. Icon path will be ignored for "steam_tray_mono?path=/home/matt/.local/share/Steam/public"
[33m  WARN[0m: Searching custom icon paths is not yet supported. Icon path will be ignored for "steam_tray_mono?path=/home/matt/.local/share/Steam/public"
[33m  WARN[97m scene[0m: QML Settings at **/modules/bar/Weather.qml[19:5]: Failed to initialize QSettings instance. Status code is: 1
[33m  WARN[97m scene[0m: QML Settings at **/modules/bar/Weather.qml[19:5]: The following application identifiers have not been set: QList("organizationName", "organizationDomain")
[33m  WARN[97m scene[0m: QML Settings at **/services/Weather.qml[24:5]: Failed to initialize QSettings instance. Status code is: 1
[33m  WARN[97m scene[0m: QML Settings at **/services/Weather.qml[24:5]: The following application identifiers have not been set: QList("organizationName", "organizationDomain")
[33m  WARN[97m scene[0m: **/modules/dock/DockApps.qml[169:17]: Unable to assign [undefined] to QColor
[33m  WARN[97m scene[0m: **/modules/sidebarRight/notifications/NotificationList.qml[134:25]: Unable to assign [undefined] to int
[33m  WARN[97m scene[0m: **/modules/sidebarRight/SidebarRight.qml[30:5]: Unable to assign [undefined] to QUrl
[33m  WARN[97m scene[0m: **/modules/sidebarLeft/wifi/WifiPage.qml[100:25]: Unable to assign [undefined] to int
[33m  WARN[97m scene[0m: **/modules/sidebarLeft/wifi/WifiPage.qml[420:25]: Unable to assign [undefined] to int
[32m  INFO[0m: Configuration Loaded
[33m  WARN[0m: QProcess: Destroyed while process ("bash") is still running.
[33m  WARN[97m quickshell.hyprland.ipc[0m: Dispatch request "version" failed with error "Invalid dispatcher"
[33m  WARN[97m scene[0m: QML QQuickItem at **/modules/bar/Bar.qml[607:29]: Item is visible and has visible children, but has zero height
[33m  WARN[97m scene[0m: QML Weather at **/modules/bar/Bar.qml[611:33]: Item is visible and has visible children, but has zero height
[33m  WARN[97m scene[0m: **/modules/sidebarLeft/wifi/WifiPage.qml[485:45]: Unable to assign [undefined] to int
[33m  WARN[97m scene[0m: **/modules/sidebarLeft/wifi/WifiPage.qml[516:45]: Unable to assign [undefined] to int
[33m  WARN[97m scene[0m: **/modules/sidebarLeft/wifi/WifiPage.qml[523:49]: Unable to assign [undefined] to int
[33m  WARN[97m scene[0m: **/modules/sidebarLeft/wifi/WifiPage.qml[531:49]: Unable to assign [undefined] to int
[33m  WARN[97m scene[0m: QML QQuickImage at **/modules/bar/Media.qml[366:13]: Cannot open: file:///home/matt/.cache/quickshell/media/coverart/d08e01dcaef31a2f02483013d8fbb1ef.jpg
[32m  INFO[0m: Reloading configuration...
[33m  WARN[0m: Could not attach Keys property to:  qs::wayland::layershell::WaylandPanelInterface_QML_2641(0x7fc3206a3a80, name = "menuWindow")  is not an Item
[34m DEBUG[97m qml[0m: [Sidebar] PowerProfiles.profile on load: 0
[33m  WARN[97m scene[0m: QML QQuickImage at **/modules/common/widgets/SystemIcon.qml[242:5]: Cannot open: file:///home/matt/.config/quickshell/modules/common/widgets/gnome-terminal
[31m ERROR[0m: Cannot call mapFromItem before item is a member of a window.
[33m  WARN[0m: Searching custom icon paths is not yet supported. Icon path will be ignored for "steam_tray_mono?path=/home/matt/.local/share/Steam/public"
[33m  WARN[0m: Searching custom icon paths is not yet supported. Icon path will be ignored for "steam_tray_mono?path=/home/matt/.local/share/Steam/public"
[33m  WARN[97m scene[0m: QML Settings at **/modules/bar/Weather.qml[19:5]: Failed to initialize QSettings instance. Status code is: 1
[33m  WARN[97m scene[0m: QML Settings at **/modules/bar/Weather.qml[19:5]: The following application identifiers have not been set: QList("organizationName", "organizationDomain")
[33m  WARN[97m scene[0m: QML Settings at **/services/Weather.qml[24:5]: Failed to initialize QSettings instance. Status code is: 1
[33m  WARN[97m scene[0m: QML Settings at **/services/Weather.qml[24:5]: The following application identifiers have not been set: QList("organizationName", "organizationDomain")
[33m  WARN[97m scene[0m: **/modules/dock/DockApps.qml[169:17]: Unable to assign [undefined] to QColor
[33m  WARN[97m scene[0m: **/modules/sidebarRight/notifications/NotificationList.qml[134:25]: Unable to assign [undefined] to int
[33m  WARN[97m scene[0m: **/modules/sidebarRight/SidebarRight.qml[30:5]: Unable to assign [undefined] to QUrl
[33m  WARN[97m scene[0m: **/modules/sidebarLeft/wifi/WifiPage.qml[100:25]: Unable to assign [undefined] to int
[33m  WARN[97m scene[0m: **/modules/sidebarLeft/wifi/WifiPage.qml[420:25]: Unable to assign [undefined] to int
[32m  INFO[0m: Configuration Loaded
[33m  WARN[0m: QProcess: Destroyed while process ("bash") is still running.
[33m  WARN[97m quickshell.hyprland.ipc[0m: Dispatch request "version" failed with error "Invalid dispatcher"
[33m  WARN[97m scene[0m: QML QQuickItem at **/modules/bar/Bar.qml[607:29]: Item is visible and has visible children, but has zero height
[33m  WARN[97m scene[0m: QML Weather at **/modules/bar/Bar.qml[611:33]: Item is visible and has visible children, but has zero height
[33m  WARN[97m scene[0m: **/modules/sidebarLeft/wifi/WifiPage.qml[485:45]: Unable to assign [undefined] to int
[33m  WARN[97m scene[0m: **/modules/sidebarLeft/wifi/WifiPage.qml[516:45]: Unable to assign [undefined] to int
[33m  WARN[97m scene[0m: **/modules/sidebarLeft/wifi/WifiPage.qml[523:49]: Unable to assign [undefined] to int
[33m  WARN[97m scene[0m: **/modules/sidebarLeft/wifi/WifiPage.qml[531:49]: Unable to assign [undefined] to int
[32m  INFO[0m: Reloading configuration...
[33m  WARN[0m: Could not attach Keys property to:  qs::wayland::layershell::WaylandPanelInterface_QML_2991(0x7fc31305fdc0, name = "menuWindow")  is not an Item
[34m DEBUG[97m qml[0m: [Sidebar] PowerProfiles.profile on load: 0
[33m  WARN[97m scene[0m: QML QQuickImage at **/modules/common/widgets/SystemIcon.qml[242:5]: Cannot open: file:///home/matt/.config/quickshell/modules/common/widgets/gnome-terminal
[31m ERROR[0m: Cannot call mapFromItem before item is a member of a window.
[33m  WARN[0m: Searching custom icon paths is not yet supported. Icon path will be ignored for "steam_tray_mono?path=/home/matt/.local/share/Steam/public"
[33m  WARN[0m: Searching custom icon paths is not yet supported. Icon path will be ignored for "steam_tray_mono?path=/home/matt/.local/share/Steam/public"
[33m  WARN[97m scene[0m: QML Settings at **/modules/bar/Weather.qml[19:5]: Failed to initialize QSettings instance. Status code is: 1
[33m  WARN[97m scene[0m: QML Settings at **/modules/bar/Weather.qml[19:5]: The following application identifiers have not been set: QList("organizationName", "organizationDomain")
[33m  WARN[97m scene[0m: QML Settings at **/services/Weather.qml[24:5]: Failed to initialize QSettings instance. Status code is: 1
[33m  WARN[97m scene[0m: QML Settings at **/services/Weather.qml[24:5]: The following application identifiers have not been set: QList("organizationName", "organizationDomain")
[33m  WARN[97m scene[0m: **/modules/dock/DockApps.qml[169:17]: Unable to assign [undefined] to QColor
[33m  WARN[97m scene[0m: **/modules/sidebarRight/notifications/NotificationList.qml[134:25]: Unable to assign [undefined] to int
[33m  WARN[97m scene[0m: **/modules/sidebarLeft/wifi/WifiPage.qml[100:25]: Unable to assign [undefined] to int
[33m  WARN[97m scene[0m: **/modules/sidebarLeft/wifi/WifiPage.qml[420:25]: Unable to assign [undefined] to int
[32m  INFO[0m: Configuration Loaded
[33m  WARN[0m: QProcess: Destroyed while process ("bash") is still running.
[33m  WARN[97m quickshell.hyprland.ipc[0m: Dispatch request "version" failed with error "Invalid dispatcher"
[33m  WARN[97m scene[0m: QML QQuickItem at **/modules/bar/Bar.qml[607:29]: Item is visible and has visible children, but has zero height
[33m  WARN[97m scene[0m: QML Weather at **/modules/bar/Bar.qml[611:33]: Item is visible and has visible children, but has zero height
[33m  WARN[97m scene[0m: **/modules/sidebarLeft/wifi/WifiPage.qml[485:45]: Unable to assign [undefined] to int
[33m  WARN[97m scene[0m: **/modules/sidebarLeft/wifi/WifiPage.qml[516:45]: Unable to assign [undefined] to int
[33m  WARN[97m scene[0m: **/modules/sidebarLeft/wifi/WifiPage.qml[523:49]: Unable to assign [undefined] to int
[33m  WARN[97m scene[0m: **/modules/sidebarLeft/wifi/WifiPage.qml[531:49]: Unable to assign [undefined] to int
[32m  INFO[0m: Reloading configuration...
[33m  WARN[0m: Could not attach Keys property to:  qs::wayland::layershell::WaylandPanelInterface_QML_3341(0x7fc31c5b4400, name = "menuWindow")  is not an Item
[34m DEBUG[97m qml[0m: [Sidebar] PowerProfiles.profile on load: 0
[33m  WARN[97m scene[0m: QML QQuickImage at **/modules/common/widgets/SystemIcon.qml[242:5]: Cannot open: file:///home/matt/.config/quickshell/modules/common/widgets/gnome-terminal
[31m ERROR[0m: Cannot call mapFromItem before item is a member of a window.
[33m  WARN[0m: Searching custom icon paths is not yet supported. Icon path will be ignored for "steam_tray_mono?path=/home/matt/.local/share/Steam/public"
[33m  WARN[0m: Searching custom icon paths is not yet supported. Icon path will be ignored for "steam_tray_mono?path=/home/matt/.local/share/Steam/public"
[33m  WARN[97m scene[0m: QML Settings at **/modules/bar/Weather.qml[19:5]: Failed to initialize QSettings instance. Status code is: 1
[33m  WARN[97m scene[0m: QML Settings at **/modules/bar/Weather.qml[19:5]: The following application identifiers have not been set: QList("organizationName", "organizationDomain")
[33m  WARN[97m scene[0m: QML Settings at **/services/Weather.qml[24:5]: Failed to initialize QSettings instance. Status code is: 1
[33m  WARN[97m scene[0m: QML Settings at **/services/Weather.qml[24:5]: The following application identifiers have not been set: QList("organizationName", "organizationDomain")
[33m  WARN[97m scene[0m: **/modules/dock/DockApps.qml[169:17]: Unable to assign [undefined] to QColor
[33m  WARN[97m scene[0m: **/modules/sidebarRight/notifications/NotificationList.qml[134:25]: Unable to assign [undefined] to int
[33m  WARN[97m scene[0m: **/modules/sidebarLeft/wifi/WifiPage.qml[100:25]: Unable to assign [undefined] to int
[33m  WARN[97m scene[0m: **/modules/sidebarLeft/wifi/WifiPage.qml[420:25]: Unable to assign [undefined] to int
[32m  INFO[0m: Configuration Loaded
[33m  WARN[0m: QProcess: Destroyed while process ("bash") is still running.
[33m  WARN[0m: QProcess: Destroyed while process ("sh") is still running.
[33m  WARN[97m quickshell.hyprland.ipc[0m: Dispatch request "version" failed with error "Invalid dispatcher"
[33m  WARN[97m scene[0m: QML QQuickItem at **/modules/bar/Bar.qml[607:29]: Item is visible and has visible children, but has zero height
[33m  WARN[97m scene[0m: QML Weather at **/modules/bar/Bar.qml[611:33]: Item is visible and has visible children, but has zero height
[33m  WARN[97m scene[0m: **/modules/sidebarLeft/wifi/WifiPage.qml[485:45]: Unable to assign [undefined] to int
[33m  WARN[97m scene[0m: **/modules/sidebarLeft/wifi/WifiPage.qml[516:45]: Unable to assign [undefined] to int
[33m  WARN[97m scene[0m: **/modules/sidebarLeft/wifi/WifiPage.qml[523:49]: Unable to assign [undefined] to int
[33m  WARN[97m scene[0m: **/modules/sidebarLeft/wifi/WifiPage.qml[531:49]: Unable to assign [undefined] to int
[32m  INFO[0m: Reloading configuration...
[33m  WARN[0m: Could not attach Keys property to:  qs::wayland::layershell::WaylandPanelInterface_QML_3691(0x7fc312d12880, name = "menuWindow")  is not an Item
[34m DEBUG[97m qml[0m: [Sidebar] PowerProfiles.profile on load: 0
[33m  WARN[97m scene[0m: QML QQuickImage at **/modules/common/widgets/SystemIcon.qml[242:5]: Cannot open: file:///home/matt/.config/quickshell/modules/common/widgets/gnome-terminal
[31m ERROR[0m: Cannot call mapFromItem before item is a member of a window.
[33m  WARN[0m: Searching custom icon paths is not yet supported. Icon path will be ignored for "steam_tray_mono?path=/home/matt/.local/share/Steam/public"
[33m  WARN[0m: Searching custom icon paths is not yet supported. Icon path will be ignored for "steam_tray_mono?path=/home/matt/.local/share/Steam/public"
[33m  WARN[97m scene[0m: QML Settings at **/modules/bar/Weather.qml[19:5]: Failed to initialize QSettings instance. Status code is: 1
[33m  WARN[97m scene[0m: QML Settings at **/modules/bar/Weather.qml[19:5]: The following application identifiers have not been set: QList("organizationName", "organizationDomain")
[33m  WARN[97m scene[0m: QML Settings at **/services/Weather.qml[24:5]: Failed to initialize QSettings instance. Status code is: 1
[33m  WARN[97m scene[0m: QML Settings at **/services/Weather.qml[24:5]: The following application identifiers have not been set: QList("organizationName", "organizationDomain")
[33m  WARN[97m scene[0m: **/modules/dock/DockApps.qml[169:17]: Unable to assign [undefined] to QColor
[33m  WARN[97m scene[0m: **/modules/sidebarRight/notifications/NotificationList.qml[134:25]: Unable to assign [undefined] to int
[33m  WARN[97m scene[0m: **/modules/sidebarLeft/wifi/WifiPage.qml[100:25]: Unable to assign [undefined] to int
[33m  WARN[97m scene[0m: **/modules/sidebarLeft/wifi/WifiPage.qml[420:25]: Unable to assign [undefined] to int
[32m  INFO[0m: Configuration Loaded
[33m  WARN[97m scene[0m: QML QQuickItem at **/modules/bar/Bar.qml[607:29]: Item is visible and has visible children, but has zero height
[33m  WARN[97m scene[0m: QML Weather at **/modules/bar/Bar.qml[611:33]: Item is visible and has visible children, but has zero height
[33m  WARN[0m: QProcess: Destroyed while process ("bash") is still running.
[33m  WARN[97m quickshell.hyprland.ipc[0m: Dispatch request "version" failed with error "Invalid dispatcher"
[33m  WARN[97m scene[0m: **/modules/sidebarLeft/wifi/WifiPage.qml[485:45]: Unable to assign [undefined] to int
[33m  WARN[97m scene[0m: **/modules/sidebarLeft/wifi/WifiPage.qml[516:45]: Unable to assign [undefined] to int
[33m  WARN[97m scene[0m: **/modules/sidebarLeft/wifi/WifiPage.qml[523:49]: Unable to assign [undefined] to int
[33m  WARN[97m scene[0m: **/modules/sidebarLeft/wifi/WifiPage.qml[531:49]: Unable to assign [undefined] to int
[32m  INFO[0m: Reloading configuration...
[33m  WARN[0m: Could not attach Keys property to:  qs::wayland::layershell::WaylandPanelInterface_QML_4041(0x7fc31c5b4f40, name = "menuWindow")  is not an Item
[34m DEBUG[97m qml[0m: [Sidebar] PowerProfiles.profile on load: 0
[33m  WARN[97m scene[0m: QML QQuickImage at **/modules/common/widgets/SystemIcon.qml[242:5]: Cannot open: file:///home/matt/.config/quickshell/modules/common/widgets/gnome-terminal
[31m ERROR[0m: Cannot call mapFromItem before item is a member of a window.
[33m  WARN[0m: Searching custom icon paths is not yet supported. Icon path will be ignored for "steam_tray_mono?path=/home/matt/.local/share/Steam/public"
[33m  WARN[0m: Searching custom icon paths is not yet supported. Icon path will be ignored for "steam_tray_mono?path=/home/matt/.local/share/Steam/public"
[33m  WARN[97m scene[0m: QML Settings at **/modules/bar/Weather.qml[19:5]: Failed to initialize QSettings instance. Status code is: 1
[33m  WARN[97m scene[0m: QML Settings at **/modules/bar/Weather.qml[19:5]: The following application identifiers have not been set: QList("organizationName", "organizationDomain")
[33m  WARN[97m scene[0m: QML Settings at **/services/Weather.qml[24:5]: Failed to initialize QSettings instance. Status code is: 1
[33m  WARN[97m scene[0m: QML Settings at **/services/Weather.qml[24:5]: The following application identifiers have not been set: QList("organizationName", "organizationDomain")
[33m  WARN[97m scene[0m: **/modules/dock/DockApps.qml[169:17]: Unable to assign [undefined] to QColor
[33m  WARN[97m scene[0m: **/modules/sidebarRight/notifications/NotificationList.qml[134:25]: Unable to assign [undefined] to int
[33m  WARN[97m scene[0m: **/modules/sidebarLeft/wifi/WifiPage.qml[100:25]: Unable to assign [undefined] to int
[33m  WARN[97m scene[0m: **/modules/sidebarLeft/wifi/WifiPage.qml[420:25]: Unable to assign [undefined] to int
[32m  INFO[0m: Configuration Loaded
[33m  WARN[97m scene[0m: QML QQuickItem at **/modules/bar/Bar.qml[607:29]: Item is visible and has visible children, but has zero height
[33m  WARN[97m scene[0m: QML Weather at **/modules/bar/Bar.qml[611:33]: Item is visible and has visible children, but has zero height
[33m  WARN[0m: QProcess: Destroyed while process ("bash") is still running.
[33m  WARN[97m quickshell.hyprland.ipc[0m: Dispatch request "version" failed with error "Invalid dispatcher"
[33m  WARN[97m scene[0m: **/modules/sidebarLeft/wifi/WifiPage.qml[485:45]: Unable to assign [undefined] to int
[33m  WARN[97m scene[0m: **/modules/sidebarLeft/wifi/WifiPage.qml[516:45]: Unable to assign [undefined] to int
[33m  WARN[97m scene[0m: **/modules/sidebarLeft/wifi/WifiPage.qml[523:49]: Unable to assign [undefined] to int
[33m  WARN[97m scene[0m: **/modules/sidebarLeft/wifi/WifiPage.qml[531:49]: Unable to assign [undefined] to int
[32m  INFO[0m: Reloading configuration...
[33m  WARN[0m: Could not attach Keys property to:  qs::wayland::layershell::WaylandPanelInterface_QML_4391(0x7fc312fc2e80, name = "menuWindow")  is not an Item
[34m DEBUG[97m qml[0m: [Sidebar] PowerProfiles.profile on load: 0
[33m  WARN[97m scene[0m: QML QQuickImage at **/modules/common/widgets/SystemIcon.qml[242:5]: Cannot open: file:///home/matt/.config/quickshell/modules/common/widgets/gnome-terminal
[31m ERROR[0m: Cannot call mapFromItem before item is a member of a window.
[33m  WARN[0m: Searching custom icon paths is not yet supported. Icon path will be ignored for "steam_tray_mono?path=/home/matt/.local/share/Steam/public"
[33m  WARN[0m: Searching custom icon paths is not yet supported. Icon path will be ignored for "steam_tray_mono?path=/home/matt/.local/share/Steam/public"
[33m  WARN[97m scene[0m: QML Settings at **/modules/bar/Weather.qml[19:5]: Failed to initialize QSettings instance. Status code is: 1
[33m  WARN[97m scene[0m: QML Settings at **/modules/bar/Weather.qml[19:5]: The following application identifiers have not been set: QList("organizationName", "organizationDomain")
[33m  WARN[97m scene[0m: QML Settings at **/services/Weather.qml[24:5]: Failed to initialize QSettings instance. Status code is: 1
[33m  WARN[97m scene[0m: QML Settings at **/services/Weather.qml[24:5]: The following application identifiers have not been set: QList("organizationName", "organizationDomain")
[33m  WARN[97m scene[0m: **/modules/dock/DockApps.qml[169:17]: Unable to assign [undefined] to QColor
[33m  WARN[97m scene[0m: **/modules/sidebarRight/notifications/NotificationList.qml[134:25]: Unable to assign [undefined] to int
[33m  WARN[97m scene[0m: **/modules/sidebarLeft/wifi/WifiPage.qml[100:25]: Unable to assign [undefined] to int
[33m  WARN[97m scene[0m: **/modules/sidebarLeft/wifi/WifiPage.qml[420:25]: Unable to assign [undefined] to int
[32m  INFO[0m: Configuration Loaded
[33m  WARN[97m scene[0m: QML QQuickItem at **/modules/bar/Bar.qml[607:29]: Item is visible and has visible children, but has zero height
[33m  WARN[97m scene[0m: QML Weather at **/modules/bar/Bar.qml[611:33]: Item is visible and has visible children, but has zero height
[33m  WARN[0m: QProcess: Destroyed while process ("bash") is still running.
[33m  WARN[97m quickshell.hyprland.ipc[0m: Dispatch request "version" failed with error "Invalid dispatcher"
[33m  WARN[97m scene[0m: **/modules/sidebarLeft/wifi/WifiPage.qml[485:45]: Unable to assign [undefined] to int
[33m  WARN[97m scene[0m: **/modules/sidebarLeft/wifi/WifiPage.qml[516:45]: Unable to assign [undefined] to int
[33m  WARN[97m scene[0m: **/modules/sidebarLeft/wifi/WifiPage.qml[523:49]: Unable to assign [undefined] to int
[33m  WARN[97m scene[0m: **/modules/sidebarLeft/wifi/WifiPage.qml[531:49]: Unable to assign [undefined] to int
[32m  INFO[0m: Reloading configuration...
[33m  WARN[0m: Could not attach Keys property to:  qs::wayland::layershell::WaylandPanelInterface_QML_4741(0x7fc3206697c0, name = "menuWindow")  is not an Item
[34m DEBUG[97m qml[0m: [Sidebar] PowerProfiles.profile on load: 0
[33m  WARN[97m scene[0m: QML QQuickImage at **/modules/common/widgets/SystemIcon.qml[242:5]: Cannot open: file:///home/matt/.config/quickshell/modules/common/widgets/gnome-terminal
[31m ERROR[0m: Cannot call mapFromItem before item is a member of a window.
[33m  WARN[0m: Searching custom icon paths is not yet supported. Icon path will be ignored for "steam_tray_mono?path=/home/matt/.local/share/Steam/public"
[33m  WARN[0m: Searching custom icon paths is not yet supported. Icon path will be ignored for "steam_tray_mono?path=/home/matt/.local/share/Steam/public"
[33m  WARN[97m scene[0m: QML Settings at **/modules/bar/Weather.qml[19:5]: Failed to initialize QSettings instance. Status code is: 1
[33m  WARN[97m scene[0m: QML Settings at **/modules/bar/Weather.qml[19:5]: The following application identifiers have not been set: QList("organizationName", "organizationDomain")
[33m  WARN[97m scene[0m: QML Settings at **/services/Weather.qml[24:5]: Failed to initialize QSettings instance. Status code is: 1
[33m  WARN[97m scene[0m: QML Settings at **/services/Weather.qml[24:5]: The following application identifiers have not been set: QList("organizationName", "organizationDomain")
[33m  WARN[97m scene[0m: **/modules/dock/DockApps.qml[169:17]: Unable to assign [undefined] to QColor
[33m  WARN[97m scene[0m: **/modules/sidebarRight/notifications/NotificationList.qml[134:25]: Unable to assign [undefined] to int
[33m  WARN[97m scene[0m: **/modules/sidebarLeft/wifi/WifiPage.qml[100:25]: Unable to assign [undefined] to int
[33m  WARN[97m scene[0m: **/modules/sidebarLeft/wifi/WifiPage.qml[420:25]: Unable to assign [undefined] to int
[32m  INFO[0m: Configuration Loaded
[33m  WARN[97m scene[0m: QML QQuickItem at **/modules/bar/Bar.qml[607:29]: Item is visible and has visible children, but has zero height
[33m  WARN[97m scene[0m: QML Weather at **/modules/bar/Bar.qml[611:33]: Item is visible and has visible children, but has zero height
[33m  WARN[0m: QProcess: Destroyed while process ("bash") is still running.
[33m  WARN[97m quickshell.hyprland.ipc[0m: Dispatch request "version" failed with error "Invalid dispatcher"
[33m  WARN[97m scene[0m: **/modules/sidebarLeft/wifi/WifiPage.qml[485:45]: Unable to assign [undefined] to int
[33m  WARN[97m scene[0m: **/modules/sidebarLeft/wifi/WifiPage.qml[516:45]: Unable to assign [undefined] to int
[33m  WARN[97m scene[0m: **/modules/sidebarLeft/wifi/WifiPage.qml[523:49]: Unable to assign [undefined] to int
[33m  WARN[97m scene[0m: **/modules/sidebarLeft/wifi/WifiPage.qml[531:49]: Unable to assign [undefined] to int
[32m  INFO[0m: Reloading configuration...
[33m  WARN[0m: Could not attach Keys property to:  qs::wayland::layershell::WaylandPanelInterface_QML_5091(0x7fc32073b140, name = "menuWindow")  is not an Item
[34m DEBUG[97m qml[0m: [Sidebar] PowerProfiles.profile on load: 0
[33m  WARN[97m scene[0m: QML QQuickImage at **/modules/common/widgets/SystemIcon.qml[242:5]: Cannot open: file:///home/matt/.config/quickshell/modules/common/widgets/gnome-terminal
[31m ERROR[0m: Cannot call mapFromItem before item is a member of a window.
[33m  WARN[0m: Searching custom icon paths is not yet supported. Icon path will be ignored for "steam_tray_mono?path=/home/matt/.local/share/Steam/public"
[33m  WARN[0m: Searching custom icon paths is not yet supported. Icon path will be ignored for "steam_tray_mono?path=/home/matt/.local/share/Steam/public"
[33m  WARN[97m scene[0m: QML Settings at **/modules/bar/Weather.qml[19:5]: Failed to initialize QSettings instance. Status code is: 1
[33m  WARN[97m scene[0m: QML Settings at **/modules/bar/Weather.qml[19:5]: The following application identifiers have not been set: QList("organizationName", "organizationDomain")
[33m  WARN[97m scene[0m: QML Settings at **/services/Weather.qml[24:5]: Failed to initialize QSettings instance. Status code is: 1
[33m  WARN[97m scene[0m: QML Settings at **/services/Weather.qml[24:5]: The following application identifiers have not been set: QList("organizationName", "organizationDomain")
[33m  WARN[97m scene[0m: **/modules/dock/DockApps.qml[169:17]: Unable to assign [undefined] to QColor
[33m  WARN[97m scene[0m: **/modules/sidebarRight/notifications/NotificationList.qml[134:25]: Unable to assign [undefined] to int
[33m  WARN[97m scene[0m: **/modules/sidebarLeft/wifi/WifiPage.qml[100:25]: Unable to assign [undefined] to int
[33m  WARN[97m scene[0m: **/modules/sidebarLeft/wifi/WifiPage.qml[420:25]: Unable to assign [undefined] to int
[32m  INFO[0m: Configuration Loaded
[33m  WARN[0m: QProcess: Destroyed while process ("bash") is still running.
[33m  WARN[97m quickshell.hyprland.ipc[0m: Dispatch request "version" failed with error "Invalid dispatcher"
[33m  WARN[97m scene[0m: QML QQuickItem at **/modules/bar/Bar.qml[607:29]: Item is visible and has visible children, but has zero height
[33m  WARN[97m scene[0m: QML Weather at **/modules/bar/Bar.qml[611:33]: Item is visible and has visible children, but has zero height
[33m  WARN[97m scene[0m: **/modules/sidebarLeft/wifi/WifiPage.qml[485:45]: Unable to assign [undefined] to int
[33m  WARN[97m scene[0m: **/modules/sidebarLeft/wifi/WifiPage.qml[516:45]: Unable to assign [undefined] to int
[33m  WARN[97m scene[0m: **/modules/sidebarLeft/wifi/WifiPage.qml[523:49]: Unable to assign [undefined] to int
[33m  WARN[97m scene[0m: **/modules/sidebarLeft/wifi/WifiPage.qml[531:49]: Unable to assign [undefined] to int
[32m  INFO[0m: Reloading configuration...
[31m ERROR[0m: Failed to load configuration
[31m ERROR[0m:   caused by **/shell.qml[69:50]: Type Bar unavailable
[31m ERROR[0m:   caused by **/modules/bar/Bar.qml[611:33]: Type BarComponents.Weather unavailable
[31m ERROR[0m:   caused by **/modules/bar/Weather.qml[23:9]: Cannot assign to non-existent property "applicationName"
[32m  INFO[0m: Reloading configuration...
[31m ERROR[0m: Failed to load configuration
[31m ERROR[0m:   caused by **/shell.qml[61:34]: Type Weather unavailable
[31m ERROR[0m:   caused by **/services/Weather.qml[28:9]: Cannot assign to non-existent property "applicationName"
[33m  WARN[97m scene[0m: **/modules/sidebarLeft/wifi/WifiPage.qml[485:45]: Unable to assign [undefined] to int
[33m  WARN[97m scene[0m: **/modules/sidebarLeft/wifi/WifiPage.qml[516:45]: Unable to assign [undefined] to int
[33m  WARN[97m scene[0m: **/modules/sidebarLeft/wifi/WifiPage.qml[523:49]: Unable to assign [undefined] to int
[33m  WARN[97m scene[0m: **/modules/sidebarLeft/wifi/WifiPage.qml[531:49]: Unable to assign [undefined] to int
[33m  WARN[97m scene[0m: **/modules/sidebarLeft/wifi/WifiPage.qml[485:45]: Unable to assign [undefined] to int
[33m  WARN[97m scene[0m: **/modules/sidebarLeft/wifi/WifiPage.qml[516:45]: Unable to assign [undefined] to int
[33m  WARN[97m scene[0m: **/modules/sidebarLeft/wifi/WifiPage.qml[523:49]: Unable to assign [undefined] to int
[33m  WARN[97m scene[0m: **/modules/sidebarLeft/wifi/WifiPage.qml[531:49]: Unable to assign [undefined] to int
[33m  WARN[97m scene[0m: **/modules/sidebarLeft/wifi/WifiPage.qml[485:45]: Unable to assign [undefined] to int
[33m  WARN[97m scene[0m: **/modules/sidebarLeft/wifi/WifiPage.qml[516:45]: Unable to assign [undefined] to int
[33m  WARN[97m scene[0m: **/modules/sidebarLeft/wifi/WifiPage.qml[523:49]: Unable to assign [undefined] to int
[33m  WARN[97m scene[0m: **/modules/sidebarLeft/wifi/WifiPage.qml[531:49]: Unable to assign [undefined] to int
[33m  WARN[97m scene[0m: **/modules/sidebarLeft/wifi/WifiPage.qml[485:45]: Unable to assign [undefined] to int
[33m  WARN[97m scene[0m: **/modules/sidebarLeft/wifi/WifiPage.qml[516:45]: Unable to assign [undefined] to int
[33m  WARN[97m scene[0m: **/modules/sidebarLeft/wifi/WifiPage.qml[523:49]: Unable to assign [undefined] to int
[33m  WARN[97m scene[0m: **/modules/sidebarLeft/wifi/WifiPage.qml[531:49]: Unable to assign [undefined] to int
[33m  WARN[97m scene[0m: **/modules/sidebarLeft/wifi/WifiPage.qml[485:45]: Unable to assign [undefined] to int
[33m  WARN[97m scene[0m: **/modules/sidebarLeft/wifi/WifiPage.qml[516:45]: Unable to assign [undefined] to int
[33m  WARN[97m scene[0m: **/modules/sidebarLeft/wifi/WifiPage.qml[523:49]: Unable to assign [undefined] to int
[33m  WARN[97m scene[0m: **/modules/sidebarLeft/wifi/WifiPage.qml[531:49]: Unable to assign [undefined] to int
[33m  WARN[97m scene[0m: **/modules/sidebarLeft/wifi/WifiPage.qml[485:45]: Unable to assign [undefined] to int
[33m  WARN[97m scene[0m: **/modules/sidebarLeft/wifi/WifiPage.qml[516:45]: Unable to assign [undefined] to int
[33m  WARN[97m scene[0m: **/modules/sidebarLeft/wifi/WifiPage.qml[523:49]: Unable to assign [undefined] to int
[33m  WARN[97m scene[0m: **/modules/sidebarLeft/wifi/WifiPage.qml[531:49]: Unable to assign [undefined] to int
[33m  WARN[97m scene[0m: **/modules/sidebarLeft/wifi/WifiPage.qml[485:45]: Unable to assign [undefined] to int
[33m  WARN[97m scene[0m: **/modules/sidebarLeft/wifi/WifiPage.qml[516:45]: Unable to assign [undefined] to int
[33m  WARN[97m scene[0m: **/modules/sidebarLeft/wifi/WifiPage.qml[523:49]: Unable to assign [undefined] to int
[33m  WARN[97m scene[0m: **/modules/sidebarLeft/wifi/WifiPage.qml[531:49]: Unable to assign [undefined] to int
[33m  WARN[97m scene[0m: **/modules/sidebarLeft/wifi/WifiPage.qml[485:45]: Unable to assign [undefined] to int
[33m  WARN[97m scene[0m: **/modules/sidebarLeft/wifi/WifiPage.qml[516:45]: Unable to assign [undefined] to int
[33m  WARN[97m scene[0m: **/modules/sidebarLeft/wifi/WifiPage.qml[523:49]: Unable to assign [undefined] to int
[33m  WARN[97m scene[0m: **/modules/sidebarLeft/wifi/WifiPage.qml[531:49]: Unable to assign [undefined] to int
[33m  WARN[97m scene[0m: **/modules/sidebarLeft/wifi/WifiPage.qml[485:45]: Unable to assign [undefined] to int
[33m  WARN[97m scene[0m: **/modules/sidebarLeft/wifi/WifiPage.qml[516:45]: Unable to assign [undefined] to int
[33m  WARN[97m scene[0m: **/modules/sidebarLeft/wifi/WifiPage.qml[523:49]: Unable to assign [undefined] to int
[33m  WARN[97m scene[0m: **/modules/sidebarLeft/wifi/WifiPage.qml[531:49]: Unable to assign [undefined] to int
[33m  WARN[97m scene[0m: **/modules/sidebarLeft/wifi/WifiPage.qml[485:45]: Unable to assign [undefined] to int
[33m  WARN[97m scene[0m: **/modules/sidebarLeft/wifi/WifiPage.qml[516:45]: Unable to assign [undefined] to int
[33m  WARN[97m scene[0m: **/modules/sidebarLeft/wifi/WifiPage.qml[523:49]: Unable to assign [undefined] to int
[33m  WARN[97m scene[0m: **/modules/sidebarLeft/wifi/WifiPage.qml[531:49]: Unable to assign [undefined] to int
[33m  WARN[97m scene[0m: **/modules/sidebarLeft/wifi/WifiPage.qml[485:45]: Unable to assign [undefined] to int
[33m  WARN[97m scene[0m: **/modules/sidebarLeft/wifi/WifiPage.qml[516:45]: Unable to assign [undefined] to int
[33m  WARN[97m scene[0m: **/modules/sidebarLeft/wifi/WifiPage.qml[523:49]: Unable to assign [undefined] to int
[33m  WARN[97m scene[0m: **/modules/sidebarLeft/wifi/WifiPage.qml[531:49]: Unable to assign [undefined] to int
[33m  WARN[97m scene[0m: **/modules/sidebarLeft/wifi/WifiPage.qml[485:45]: Unable to assign [undefined] to int
[33m  WARN[97m scene[0m: **/modules/sidebarLeft/wifi/WifiPage.qml[516:45]: Unable to assign [undefined] to int
[33m  WARN[97m scene[0m: **/modules/sidebarLeft/wifi/WifiPage.qml[523:49]: Unable to assign [undefined] to int
[33m  WARN[97m scene[0m: **/modules/sidebarLeft/wifi/WifiPage.qml[531:49]: Unable to assign [undefined] to int
[33m  WARN[97m scene[0m: **/modules/sidebarLeft/wifi/WifiPage.qml[485:45]: Unable to assign [undefined] to int
[33m  WARN[97m scene[0m: **/modules/sidebarLeft/wifi/WifiPage.qml[516:45]: Unable to assign [undefined] to int
[33m  WARN[97m scene[0m: **/modules/sidebarLeft/wifi/WifiPage.qml[523:49]: Unable to assign [undefined] to int
[33m  WARN[97m scene[0m: **/modules/sidebarLeft/wifi/WifiPage.qml[531:49]: Unable to assign [undefined] to int
[33m  WARN[97m scene[0m: **/modules/sidebarLeft/wifi/WifiPage.qml[485:45]: Unable to assign [undefined] to int
[33m  WARN[97m scene[0m: **/modules/sidebarLeft/wifi/WifiPage.qml[516:45]: Unable to assign [undefined] to int
[33m  WARN[97m scene[0m: **/modules/sidebarLeft/wifi/WifiPage.qml[523:49]: Unable to assign [undefined] to int
[33m  WARN[97m scene[0m: **/modules/sidebarLeft/wifi/WifiPage.qml[531:49]: Unable to assign [undefined] to int
[33m  WARN[97m scene[0m: **/modules/sidebarLeft/wifi/WifiPage.qml[485:45]: Unable to assign [undefined] to int
[33m  WARN[97m scene[0m: **/modules/sidebarLeft/wifi/WifiPage.qml[516:45]: Unable to assign [undefined] to int
[33m  WARN[97m scene[0m: **/modules/sidebarLeft/wifi/WifiPage.qml[523:49]: Unable to assign [undefined] to int
[33m  WARN[97m scene[0m: **/modules/sidebarLeft/wifi/WifiPage.qml[531:49]: Unable to assign [undefined] to int
[33m  WARN[97m scene[0m: **/modules/sidebarLeft/wifi/WifiPage.qml[485:45]: Unable to assign [undefined] to int
[33m  WARN[97m scene[0m: **/modules/sidebarLeft/wifi/WifiPage.qml[516:45]: Unable to assign [undefined] to int
[33m  WARN[97m scene[0m: **/modules/sidebarLeft/wifi/WifiPage.qml[523:49]: Unable to assign [undefined] to int
[33m  WARN[97m scene[0m: **/modules/sidebarLeft/wifi/WifiPage.qml[531:49]: Unable to assign [undefined] to int
[33m  WARN[97m scene[0m: **/modules/sidebarLeft/wifi/WifiPage.qml[485:45]: Unable to assign [undefined] to int
[33m  WARN[97m scene[0m: **/modules/sidebarLeft/wifi/WifiPage.qml[516:45]: Unable to assign [undefined] to int
[33m  WARN[97m scene[0m: **/modules/sidebarLeft/wifi/WifiPage.qml[523:49]: Unable to assign [undefined] to int
[33m  WARN[97m scene[0m: **/modules/sidebarLeft/wifi/WifiPage.qml[531:49]: Unable to assign [undefined] to int
[33m  WARN[97m scene[0m: **/modules/sidebarLeft/wifi/WifiPage.qml[485:45]: Unable to assign [undefined] to int
[33m  WARN[97m scene[0m: **/modules/sidebarLeft/wifi/WifiPage.qml[516:45]: Unable to assign [undefined] to int
[33m  WARN[97m scene[0m: **/modules/sidebarLeft/wifi/WifiPage.qml[523:49]: Unable to assign [undefined] to int
[33m  WARN[97m scene[0m: **/modules/sidebarLeft/wifi/WifiPage.qml[531:49]: Unable to assign [undefined] to int
[33m  WARN[97m scene[0m: **/modules/sidebarLeft/wifi/WifiPage.qml[485:45]: Unable to assign [undefined] to int
[33m  WARN[97m scene[0m: **/modules/sidebarLeft/wifi/WifiPage.qml[516:45]: Unable to assign [undefined] to int
[33m  WARN[97m scene[0m: **/modules/sidebarLeft/wifi/WifiPage.qml[523:49]: Unable to assign [undefined] to int
[33m  WARN[97m scene[0m: **/modules/sidebarLeft/wifi/WifiPage.qml[531:49]: Unable to assign [undefined] to int
[33m  WARN[97m scene[0m: **/modules/sidebarLeft/wifi/WifiPage.qml[485:45]: Unable to assign [undefined] to int
[33m  WARN[97m scene[0m: **/modules/sidebarLeft/wifi/WifiPage.qml[516:45]: Unable to assign [undefined] to int
[33m  WARN[97m scene[0m: **/modules/sidebarLeft/wifi/WifiPage.qml[523:49]: Unable to assign [undefined] to int
[33m  WARN[97m scene[0m: **/modules/sidebarLeft/wifi/WifiPage.qml[531:49]: Unable to assign [undefined] to int
[33m  WARN[97m scene[0m: **/modules/sidebarLeft/wifi/WifiPage.qml[485:45]: Unable to assign [undefined] to int
[33m  WARN[97m scene[0m: **/modules/sidebarLeft/wifi/WifiPage.qml[516:45]: Unable to assign [undefined] to int
[33m  WARN[97m scene[0m: **/modules/sidebarLeft/wifi/WifiPage.qml[523:49]: Unable to assign [undefined] to int
[33m  WARN[97m scene[0m: **/modules/sidebarLeft/wifi/WifiPage.qml[531:49]: Unable to assign [undefined] to int
[33m  WARN[97m scene[0m: **/modules/sidebarLeft/wifi/WifiPage.qml[485:45]: Unable to assign [undefined] to int
[33m  WARN[97m scene[0m: **/modules/sidebarLeft/wifi/WifiPage.qml[516:45]: Unable to assign [undefined] to int
[33m  WARN[97m scene[0m: **/modules/sidebarLeft/wifi/WifiPage.qml[523:49]: Unable to assign [undefined] to int
[33m  WARN[97m scene[0m: **/modules/sidebarLeft/wifi/WifiPage.qml[531:49]: Unable to assign [undefined] to int
[32m  INFO[0m: Reloading configuration...
[31m ERROR[0m: Failed to load configuration
[31m ERROR[0m:   caused by **/shell.qml[61:34]: Type Weather unavailable
[31m ERROR[0m:   caused by **/services/Weather.qml[28:9]: Cannot assign to non-existent property "applicationName"
[32m  INFO[0m: Reloading configuration...
[31m ERROR[0m: Failed to load configuration
[31m ERROR[0m:   caused by **/shell.qml[61:34]: Type Weather unavailable
[31m ERROR[0m:   caused by **/services/Weather.qml[28:9]: Cannot assign to non-existent property "applicationName"
[32m  INFO[0m: Reloading configuration...
[33m  WARN[0m: Could not attach Keys property to:  qs::wayland::layershell::WaylandPanelInterface_QML_6771(0x7fc317869080, name = "menuWindow")  is not an Item
[34m DEBUG[97m qml[0m: [Sidebar] PowerProfiles.profile on load: 0
[33m  WARN[97m scene[0m: QML QQuickImage at **/modules/common/widgets/SystemIcon.qml[242:5]: Cannot open: file:///home/matt/.config/quickshell/modules/common/widgets/gnome-terminal
[31m ERROR[0m: Cannot call mapFromItem before item is a member of a window.
[33m  WARN[0m: Searching custom icon paths is not yet supported. Icon path will be ignored for "steam_tray_mono?path=/home/matt/.local/share/Steam/public"
[33m  WARN[0m: Searching custom icon paths is not yet supported. Icon path will be ignored for "steam_tray_mono?path=/home/matt/.local/share/Steam/public"
[33m  WARN[97m scene[0m: QML Settings at **/modules/bar/Weather.qml[19:5]: Failed to initialize QSettings instance. Status code is: 1
[33m  WARN[97m scene[0m: QML Settings at **/modules/bar/Weather.qml[19:5]: The following application identifiers have not been set: QList("organizationName", "organizationDomain")
[33m  WARN[97m scene[0m: QML Settings at **/services/Weather.qml[24:5]: Failed to initialize QSettings instance. Status code is: 1
[33m  WARN[97m scene[0m: QML Settings at **/services/Weather.qml[24:5]: The following application identifiers have not been set: QList("organizationName", "organizationDomain")
[33m  WARN[97m scene[0m: **/modules/dock/DockApps.qml[169:17]: Unable to assign [undefined] to QColor
[33m  WARN[97m scene[0m: **/modules/sidebarRight/notifications/NotificationList.qml[134:25]: Unable to assign [undefined] to int
[33m  WARN[97m scene[0m: **/modules/sidebarLeft/wifi/WifiPage.qml[100:25]: Unable to assign [undefined] to int
[33m  WARN[97m scene[0m: **/modules/sidebarLeft/wifi/WifiPage.qml[420:25]: Unable to assign [undefined] to int
[32m  INFO[0m: Configuration Loaded
[33m  WARN[0m: QProcess: Destroyed while process ("bash") is still running.
[33m  WARN[0m: <Unknown File>:288:5: QML ShaderEffect: Cannot find member data
[33m  WARN[97m quickshell.hyprland.ipc[0m: Dispatch request "version" failed with error "Invalid dispatcher"
[33m  WARN[97m scene[0m: **/modules/sidebarLeft/wifi/WifiPage.qml[485:45]: Unable to assign [undefined] to int
[33m  WARN[97m scene[0m: **/modules/sidebarLeft/wifi/WifiPage.qml[516:45]: Unable to assign [undefined] to int
[33m  WARN[97m scene[0m: **/modules/sidebarLeft/wifi/WifiPage.qml[523:49]: Unable to assign [undefined] to int
[33m  WARN[97m scene[0m: **/modules/sidebarLeft/wifi/WifiPage.qml[531:49]: Unable to assign [undefined] to int
[33m  WARN[97m scene[0m: QML NumberAnimation at **/modules/sidebarRight/SidebarRight.qml[123:21]: Cannot animate non-existent property "x"
[33m  WARN[97m scene[0m: QML NumberAnimation at **/modules/sidebarRight/SidebarRight.qml[131:21]: Cannot animate non-existent property "opacity"
[33m  WARN[97m scene[0m: QML ScriptAction at **/modules/sidebarRight/SidebarRight.qml[116:17]: qsintercept:///home/matt/.config/quickshell/modules/sidebarRight/SidebarRight.qml:118: Error: Cannot assign to non-existent property "x"
[33m  WARN[97m scene[0m: QML QQuickItem at **/modules/sidebarRight/WeatherSidebarPage.qml[433:9]: Detected anchors on an item that is managed by a layout. This is undefined behavior; use Layout.alignment instead.
[33m  WARN[97m scene[0m: QML Settings at **/modules/weather/WeatherForecast.qml[19:5]: Failed to initialize QSettings instance. Status code is: 1
[33m  WARN[97m scene[0m: QML Settings at **/modules/weather/WeatherForecast.qml[19:5]: The following application identifiers have not been set: QList("organizationName", "organizationDomain")
[33m  WARN[97m scene[0m: QML Settings at **/modules/weather/WeatherForecast.qml[19:5]: The Settings type from Qt.labs.settings is deprecated and will be removed in a future release. Please use the one from QtCore instead.
[33m  WARN[97m scene[0m: QML QQuickItem at **/modules/sidebarRight/WeatherSidebarPage.qml[433:9]: Detected anchors on an item that is managed by a layout. This is undefined behavior; use Layout.alignment instead.
[33m  WARN[97m scene[0m: **/modules/sidebarRight/WeatherSidebarPage.qml[443:17]: Unable to assign [undefined] to double
[33m  WARN[97m scene[0m: **/modules/weather/WeatherForecast.qml[101:29]: Unable to assign [undefined] to QString
[33m  WARN[97m scene[0m: **/modules/weather/WeatherForecast.qml[101:29]: Unable to assign [undefined] to QString
[33m  WARN[97m scene[0m: **/modules/weather/WeatherForecast.qml[101:29]: Unable to assign [undefined] to QString
[33m  WARN[97m scene[0m: **/modules/weather/WeatherForecast.qml[101:29]: Unable to assign [undefined] to QString
[33m  WARN[97m scene[0m: **/modules/weather/WeatherForecast.qml[101:29]: Unable to assign [undefined] to QString
[33m  WARN[97m scene[0m: **/modules/weather/WeatherForecast.qml[101:29]: Unable to assign [undefined] to QString
[33m  WARN[97m scene[0m: **/modules/weather/WeatherForecast.qml[101:29]: Unable to assign [undefined] to QString
[33m  WARN[97m scene[0m: **/modules/weather/WeatherForecast.qml[101:29]: Unable to assign [undefined] to QString
[33m  WARN[97m scene[0m: **/modules/weather/WeatherForecast.qml[101:29]: Unable to assign [undefined] to QString
[33m  WARN[97m scene[0m: **/modules/weather/WeatherForecast.qml[101:29]: Unable to assign [undefined] to QString
[33m  WARN[97m scene[0m: QML QQuickRectangle at **/modules/sidebarRight/WeatherSidebarPage.qml[610:41]: Detected anchors on an item that is managed by a layout. This is undefined behavior; use Layout.alignment instead.
[33m  WARN[97m scene[0m: QML QQuickRectangle at **/modules/sidebarRight/WeatherSidebarPage.qml[610:41]: Detected anchors on an item that is managed by a layout. This is undefined behavior; use Layout.alignment instead.
[33m  WARN[97m scene[0m: QML QQuickRectangle at **/modules/sidebarRight/WeatherSidebarPage.qml[610:41]: Detected anchors on an item that is managed by a layout. This is undefined behavior; use Layout.alignment instead.
[33m  WARN[97m scene[0m: QML QQuickRectangle at **/modules/sidebarRight/WeatherSidebarPage.qml[610:41]: Detected anchors on an item that is managed by a layout. This is undefined behavior; use Layout.alignment instead.
[33m  WARN[97m scene[0m: QML QQuickRectangle at **/modules/sidebarRight/WeatherSidebarPage.qml[610:41]: Detected anchors on an item that is managed by a layout. This is undefined behavior; use Layout.alignment instead.
[33m  WARN[97m scene[0m: QML QQuickRectangle at **/modules/sidebarRight/WeatherSidebarPage.qml[610:41]: Detected anchors on an item that is managed by a layout. This is undefined behavior; use Layout.alignment instead.
[33m  WARN[97m scene[0m: QML QQuickRectangle at **/modules/sidebarRight/WeatherSidebarPage.qml[610:41]: Detected anchors on an item that is managed by a layout. This is undefined behavior; use Layout.alignment instead.
[33m  WARN[97m scene[0m: QML QQuickRectangle at **/modules/sidebarRight/WeatherSidebarPage.qml[610:41]: Detected anchors on an item that is managed by a layout. This is undefined behavior; use Layout.alignment instead.
[33m  WARN[97m scene[0m: QML QQuickRectangle at **/modules/sidebarRight/WeatherSidebarPage.qml[610:41]: Detected anchors on an item that is managed by a layout. This is undefined behavior; use Layout.alignment instead.
[33m  WARN[97m scene[0m: QML QQuickRectangle at **/modules/sidebarRight/WeatherSidebarPage.qml[610:41]: Detected anchors on an item that is managed by a layout. This is undefined behavior; use Layout.alignment instead.
[33m  WARN[97m scene[0m: QML QQuickItem at **/modules/sidebarRight/WeatherSidebarPage.qml[433:9]: Detected anchors on an item that is managed by a layout. This is undefined behavior; use Layout.alignment instead.
[33m  WARN[97m scene[0m: QML QQuickItem at **/modules/sidebarRight/WeatherSidebarPage.qml[433:9]: Detected anchors on an item that is managed by a layout. This is undefined behavior; use Layout.alignment instead.
[33m  WARN[97m scene[0m: QML NumberAnimation at **/modules/sidebarRight/SidebarRight.qml[90:17]: Cannot animate non-existent property "x"
[33m  WARN[97m scene[0m: QML NumberAnimation at **/modules/sidebarRight/SidebarRight.qml[98:17]: Cannot animate non-existent property "opacity"
[33m  WARN[97m scene[0m: **/modules/sidebarRight/SidebarRight.qml[109:-1]: Error: Cannot assign to non-existent property "opacity"
[32m  INFO[0m: Reloading configuration...
[33m  WARN[0m: Could not attach Keys property to:  qs::wayland::layershell::WaylandPanelInterface_QML_7123(0x7fc3130901c0, name = "menuWindow")  is not an Item
[34m DEBUG[97m qml[0m: [Sidebar] PowerProfiles.profile on load: 0
[33m  WARN[97m scene[0m: QML QQuickImage at **/modules/common/widgets/SystemIcon.qml[242:5]: Cannot open: file:///home/matt/.config/quickshell/modules/common/widgets/gnome-terminal
[31m ERROR[0m: Cannot call mapFromItem before item is a member of a window.
[33m  WARN[0m: Searching custom icon paths is not yet supported. Icon path will be ignored for "steam_tray_mono?path=/home/matt/.local/share/Steam/public"
[33m  WARN[0m: Searching custom icon paths is not yet supported. Icon path will be ignored for "steam_tray_mono?path=/home/matt/.local/share/Steam/public"
[33m  WARN[97m scene[0m: QML Settings at **/modules/bar/Weather.qml[19:5]: Failed to initialize QSettings instance. Status code is: 1
[33m  WARN[97m scene[0m: QML Settings at **/modules/bar/Weather.qml[19:5]: The following application identifiers have not been set: QList("organizationName", "organizationDomain")
[33m  WARN[97m scene[0m: QML Settings at **/services/Weather.qml[24:5]: Failed to initialize QSettings instance. Status code is: 1
[33m  WARN[97m scene[0m: QML Settings at **/services/Weather.qml[24:5]: The following application identifiers have not been set: QList("organizationName", "organizationDomain")
[33m  WARN[97m scene[0m: **/modules/dock/DockApps.qml[169:17]: Unable to assign [undefined] to QColor
[33m  WARN[97m scene[0m: **/modules/sidebarRight/notifications/NotificationList.qml[134:25]: Unable to assign [undefined] to int
[33m  WARN[97m scene[0m: **/modules/sidebarLeft/wifi/WifiPage.qml[100:25]: Unable to assign [undefined] to int
[33m  WARN[97m scene[0m: **/modules/sidebarLeft/wifi/WifiPage.qml[420:25]: Unable to assign [undefined] to int
[32m  INFO[0m: Configuration Loaded
[33m  WARN[97m scene[0m: QML FileView at **/services/MaterialThemeLoader.qml[48:2]: Read of /home/matt/.local/state/Quickshell/user/generated/colors.json failed: File does not exist.
[33m  WARN[0m: QProcess: Destroyed while process ("bash") is still running.
[33m  WARN[97m scene[0m: **/modules/sidebarLeft/wifi/WifiPage.qml[485:45]: Unable to assign [undefined] to int
[33m  WARN[97m scene[0m: **/modules/sidebarLeft/wifi/WifiPage.qml[516:45]: Unable to assign [undefined] to int
[33m  WARN[97m scene[0m: **/modules/sidebarLeft/wifi/WifiPage.qml[523:49]: Unable to assign [undefined] to int
[33m  WARN[97m scene[0m: **/modules/sidebarLeft/wifi/WifiPage.qml[531:49]: Unable to assign [undefined] to int
[32m  INFO[0m: Reloading configuration...
[33m  WARN[0m: Could not attach Keys property to:  qs::wayland::layershell::WaylandPanelInterface_QML_7473(0x7fc31c5de440, name = "menuWindow")  is not an Item
[34m DEBUG[97m qml[0m: [Sidebar] PowerProfiles.profile on load: 0
[33m  WARN[97m scene[0m: QML QQuickImage at **/modules/common/widgets/SystemIcon.qml[242:5]: Cannot open: file:///home/matt/.config/quickshell/modules/common/widgets/gnome-terminal
[31m ERROR[0m: Cannot call mapFromItem before item is a member of a window.
[33m  WARN[0m: Searching custom icon paths is not yet supported. Icon path will be ignored for "steam_tray_mono?path=/home/matt/.local/share/Steam/public"
[33m  WARN[0m: Searching custom icon paths is not yet supported. Icon path will be ignored for "steam_tray_mono?path=/home/matt/.local/share/Steam/public"
[33m  WARN[97m scene[0m: QML Settings at **/modules/bar/Weather.qml[21:5]: Failed to initialize QSettings instance. Status code is: 1
[33m  WARN[97m scene[0m: QML Settings at **/modules/bar/Weather.qml[21:5]: The following application identifiers have not been set: QList("organizationName", "organizationDomain")
[33m  WARN[97m scene[0m: QML Settings at **/services/Weather.qml[24:5]: Failed to initialize QSettings instance. Status code is: 1
[33m  WARN[97m scene[0m: QML Settings at **/services/Weather.qml[24:5]: The following application identifiers have not been set: QList("organizationName", "organizationDomain")
[33m  WARN[97m scene[0m: **/modules/dock/DockApps.qml[169:17]: Unable to assign [undefined] to QColor
[33m  WARN[97m scene[0m: **/modules/sidebarRight/notifications/NotificationList.qml[134:25]: Unable to assign [undefined] to int
[33m  WARN[97m scene[0m: **/modules/sidebarLeft/wifi/WifiPage.qml[100:25]: Unable to assign [undefined] to int
[33m  WARN[97m scene[0m: **/modules/sidebarLeft/wifi/WifiPage.qml[420:25]: Unable to assign [undefined] to int
[32m  INFO[0m: Configuration Loaded
[33m  WARN[97m scene[0m: QML FileView at **/services/MaterialThemeLoader.qml[48:2]: Read of /home/matt/.local/state/Quickshell/user/generated/colors.json failed: File does not exist.
[33m  WARN[0m: QProcess: Destroyed while process ("bash") is still running.
[33m  WARN[97m scene[0m: **/modules/sidebarLeft/wifi/WifiPage.qml[485:45]: Unable to assign [undefined] to int
[33m  WARN[97m scene[0m: **/modules/sidebarLeft/wifi/WifiPage.qml[516:45]: Unable to assign [undefined] to int
[33m  WARN[97m scene[0m: **/modules/sidebarLeft/wifi/WifiPage.qml[523:49]: Unable to assign [undefined] to int
[33m  WARN[97m scene[0m: **/modules/sidebarLeft/wifi/WifiPage.qml[531:49]: Unable to assign [undefined] to int
[33m  WARN[97m scene[0m: **/modules/sidebarLeft/wifi/WifiPage.qml[485:45]: Unable to assign [undefined] to int
[33m  WARN[97m scene[0m: **/modules/sidebarLeft/wifi/WifiPage.qml[516:45]: Unable to assign [undefined] to int
[33m  WARN[97m scene[0m: **/modules/sidebarLeft/wifi/WifiPage.qml[523:49]: Unable to assign [undefined] to int
[33m  WARN[97m scene[0m: **/modules/sidebarLeft/wifi/WifiPage.qml[531:49]: Unable to assign [undefined] to int
[33m  WARN[97m scene[0m: **/modules/sidebarLeft/wifi/WifiPage.qml[485:45]: Unable to assign [undefined] to int
[33m  WARN[97m scene[0m: **/modules/sidebarLeft/wifi/WifiPage.qml[516:45]: Unable to assign [undefined] to int
[33m  WARN[97m scene[0m: **/modules/sidebarLeft/wifi/WifiPage.qml[523:49]: Unable to assign [undefined] to int
[33m  WARN[97m scene[0m: **/modules/sidebarLeft/wifi/WifiPage.qml[531:49]: Unable to assign [undefined] to int
[33m  WARN[97m scene[0m: **/modules/sidebarLeft/wifi/WifiPage.qml[485:45]: Unable to assign [undefined] to int
[33m  WARN[97m scene[0m: **/modules/sidebarLeft/wifi/WifiPage.qml[516:45]: Unable to assign [undefined] to int
[33m  WARN[97m scene[0m: **/modules/sidebarLeft/wifi/WifiPage.qml[523:49]: Unable to assign [undefined] to int
[33m  WARN[97m scene[0m: **/modules/sidebarLeft/wifi/WifiPage.qml[531:49]: Unable to assign [undefined] to int
[33m  WARN[97m scene[0m: **/modules/sidebarLeft/wifi/WifiPage.qml[485:45]: Unable to assign [undefined] to int
[33m  WARN[97m scene[0m: **/modules/sidebarLeft/wifi/WifiPage.qml[516:45]: Unable to assign [undefined] to int
[33m  WARN[97m scene[0m: **/modules/sidebarLeft/wifi/WifiPage.qml[523:49]: Unable to assign [undefined] to int
[33m  WARN[97m scene[0m: **/modules/sidebarLeft/wifi/WifiPage.qml[531:49]: Unable to assign [undefined] to int
[33m  WARN[97m scene[0m: **/modules/sidebarLeft/wifi/WifiPage.qml[485:45]: Unable to assign [undefined] to int
[33m  WARN[97m scene[0m: **/modules/sidebarLeft/wifi/WifiPage.qml[516:45]: Unable to assign [undefined] to int
[33m  WARN[97m scene[0m: **/modules/sidebarLeft/wifi/WifiPage.qml[523:49]: Unable to assign [undefined] to int
[33m  WARN[97m scene[0m: **/modules/sidebarLeft/wifi/WifiPage.qml[531:49]: Unable to assign [undefined] to int
[33m  WARN[97m scene[0m: **/modules/sidebarLeft/wifi/WifiPage.qml[485:45]: Unable to assign [undefined] to int
[33m  WARN[97m scene[0m: **/modules/sidebarLeft/wifi/WifiPage.qml[516:45]: Unable to assign [undefined] to int
[33m  WARN[97m scene[0m: **/modules/sidebarLeft/wifi/WifiPage.qml[523:49]: Unable to assign [undefined] to int
[33m  WARN[97m scene[0m: **/modules/sidebarLeft/wifi/WifiPage.qml[531:49]: Unable to assign [undefined] to int
[33m  WARN[97m scene[0m: **/modules/sidebarLeft/wifi/WifiPage.qml[485:45]: Unable to assign [undefined] to int
[33m  WARN[97m scene[0m: **/modules/sidebarLeft/wifi/WifiPage.qml[516:45]: Unable to assign [undefined] to int
[33m  WARN[97m scene[0m: **/modules/sidebarLeft/wifi/WifiPage.qml[523:49]: Unable to assign [undefined] to int
[33m  WARN[97m scene[0m: **/modules/sidebarLeft/wifi/WifiPage.qml[531:49]: Unable to assign [undefined] to int
[33m  WARN[97m scene[0m: **/modules/sidebarLeft/wifi/WifiPage.qml[485:45]: Unable to assign [undefined] to int
[33m  WARN[97m scene[0m: **/modules/sidebarLeft/wifi/WifiPage.qml[516:45]: Unable to assign [undefined] to int
[33m  WARN[97m scene[0m: **/modules/sidebarLeft/wifi/WifiPage.qml[523:49]: Unable to assign [undefined] to int
[33m  WARN[97m scene[0m: **/modules/sidebarLeft/wifi/WifiPage.qml[531:49]: Unable to assign [undefined] to int
[33m  WARN[97m scene[0m: **/modules/sidebarLeft/wifi/WifiPage.qml[485:45]: Unable to assign [undefined] to int
[33m  WARN[97m scene[0m: **/modules/sidebarLeft/wifi/WifiPage.qml[516:45]: Unable to assign [undefined] to int
[33m  WARN[97m scene[0m: **/modules/sidebarLeft/wifi/WifiPage.qml[523:49]: Unable to assign [undefined] to int
[33m  WARN[97m scene[0m: **/modules/sidebarLeft/wifi/WifiPage.qml[531:49]: Unable to assign [undefined] to int
[33m  WARN[97m scene[0m: **/modules/sidebarLeft/wifi/WifiPage.qml[485:45]: Unable to assign [undefined] to int
[33m  WARN[97m scene[0m: **/modules/sidebarLeft/wifi/WifiPage.qml[516:45]: Unable to assign [undefined] to int
[33m  WARN[97m scene[0m: **/modules/sidebarLeft/wifi/WifiPage.qml[523:49]: Unable to assign [undefined] to int
[33m  WARN[97m scene[0m: **/modules/sidebarLeft/wifi/WifiPage.qml[531:49]: Unable to assign [undefined] to int
[33m  WARN[97m scene[0m: **/modules/sidebarLeft/wifi/WifiPage.qml[485:45]: Unable to assign [undefined] to int
[33m  WARN[97m scene[0m: **/modules/sidebarLeft/wifi/WifiPage.qml[516:45]: Unable to assign [undefined] to int
[33m  WARN[97m scene[0m: **/modules/sidebarLeft/wifi/WifiPage.qml[523:49]: Unable to assign [undefined] to int
[33m  WARN[97m scene[0m: **/modules/sidebarLeft/wifi/WifiPage.qml[531:49]: Unable to assign [undefined] to int
[33m  WARN[97m scene[0m: **/modules/sidebarLeft/wifi/WifiPage.qml[485:45]: Unable to assign [undefined] to int
[33m  WARN[97m scene[0m: **/modules/sidebarLeft/wifi/WifiPage.qml[516:45]: Unable to assign [undefined] to int
[33m  WARN[97m scene[0m: **/modules/sidebarLeft/wifi/WifiPage.qml[523:49]: Unable to assign [undefined] to int
[33m  WARN[97m scene[0m: **/modules/sidebarLeft/wifi/WifiPage.qml[531:49]: Unable to assign [undefined] to int
[33m  WARN[97m scene[0m: **/modules/sidebarLeft/wifi/WifiPage.qml[485:45]: Unable to assign [undefined] to int
[33m  WARN[97m scene[0m: **/modules/sidebarLeft/wifi/WifiPage.qml[516:45]: Unable to assign [undefined] to int
[33m  WARN[97m scene[0m: **/modules/sidebarLeft/wifi/WifiPage.qml[523:49]: Unable to assign [undefined] to int
[33m  WARN[97m scene[0m: **/modules/sidebarLeft/wifi/WifiPage.qml[531:49]: Unable to assign [undefined] to int
[33m  WARN[97m scene[0m: **/modules/sidebarLeft/wifi/WifiPage.qml[485:45]: Unable to assign [undefined] to int
[33m  WARN[97m scene[0m: **/modules/sidebarLeft/wifi/WifiPage.qml[516:45]: Unable to assign [undefined] to int
[33m  WARN[97m scene[0m: **/modules/sidebarLeft/wifi/WifiPage.qml[523:49]: Unable to assign [undefined] to int
[33m  WARN[97m scene[0m: **/modules/sidebarLeft/wifi/WifiPage.qml[531:49]: Unable to assign [undefined] to int
[33m  WARN[97m scene[0m: **/modules/sidebarLeft/wifi/WifiPage.qml[485:45]: Unable to assign [undefined] to int
[33m  WARN[97m scene[0m: **/modules/sidebarLeft/wifi/WifiPage.qml[516:45]: Unable to assign [undefined] to int
[33m  WARN[97m scene[0m: **/modules/sidebarLeft/wifi/WifiPage.qml[523:49]: Unable to assign [undefined] to int
[33m  WARN[97m scene[0m: **/modules/sidebarLeft/wifi/WifiPage.qml[531:49]: Unable to assign [undefined] to int
[33m  WARN[97m scene[0m: **/modules/sidebarLeft/wifi/WifiPage.qml[485:45]: Unable to assign [undefined] to int
[33m  WARN[97m scene[0m: **/modules/sidebarLeft/wifi/WifiPage.qml[516:45]: Unable to assign [undefined] to int
[33m  WARN[97m scene[0m: **/modules/sidebarLeft/wifi/WifiPage.qml[523:49]: Unable to assign [undefined] to int
[33m  WARN[97m scene[0m: **/modules/sidebarLeft/wifi/WifiPage.qml[531:49]: Unable to assign [undefined] to int
[33m  WARN[97m scene[0m: **/modules/sidebarLeft/wifi/WifiPage.qml[485:45]: Unable to assign [undefined] to int
[33m  WARN[97m scene[0m: **/modules/sidebarLeft/wifi/WifiPage.qml[516:45]: Unable to assign [undefined] to int
[33m  WARN[97m scene[0m: **/modules/sidebarLeft/wifi/WifiPage.qml[523:49]: Unable to assign [undefined] to int
[33m  WARN[97m scene[0m: **/modules/sidebarLeft/wifi/WifiPage.qml[531:49]: Unable to assign [undefined] to int
[33m  WARN[97m scene[0m: **/modules/sidebarLeft/wifi/WifiPage.qml[485:45]: Unable to assign [undefined] to int
[33m  WARN[97m scene[0m: **/modules/sidebarLeft/wifi/WifiPage.qml[516:45]: Unable to assign [undefined] to int
[33m  WARN[97m scene[0m: **/modules/sidebarLeft/wifi/WifiPage.qml[523:49]: Unable to assign [undefined] to int
[33m  WARN[97m scene[0m: **/modules/sidebarLeft/wifi/WifiPage.qml[531:49]: Unable to assign [undefined] to int
[33m  WARN[97m scene[0m: **/modules/sidebarLeft/wifi/WifiPage.qml[485:45]: Unable to assign [undefined] to int
[33m  WARN[97m scene[0m: **/modules/sidebarLeft/wifi/WifiPage.qml[516:45]: Unable to assign [undefined] to int
[33m  WARN[97m scene[0m: **/modules/sidebarLeft/wifi/WifiPage.qml[523:49]: Unable to assign [undefined] to int
[33m  WARN[97m scene[0m: **/modules/sidebarLeft/wifi/WifiPage.qml[531:49]: Unable to assign [undefined] to int
[33m  WARN[97m scene[0m: **/modules/sidebarLeft/wifi/WifiPage.qml[485:45]: Unable to assign [undefined] to int
[33m  WARN[97m scene[0m: **/modules/sidebarLeft/wifi/WifiPage.qml[516:45]: Unable to assign [undefined] to int
[33m  WARN[97m scene[0m: **/modules/sidebarLeft/wifi/WifiPage.qml[523:49]: Unable to assign [undefined] to int
[33m  WARN[97m scene[0m: **/modules/sidebarLeft/wifi/WifiPage.qml[531:49]: Unable to assign [undefined] to int
[33m  WARN[97m scene[0m: **/modules/sidebarLeft/wifi/WifiPage.qml[485:45]: Unable to assign [undefined] to int
[33m  WARN[97m scene[0m: **/modules/sidebarLeft/wifi/WifiPage.qml[516:45]: Unable to assign [undefined] to int
[33m  WARN[97m scene[0m: **/modules/sidebarLeft/wifi/WifiPage.qml[523:49]: Unable to assign [undefined] to int
[33m  WARN[97m scene[0m: **/modules/sidebarLeft/wifi/WifiPage.qml[531:49]: Unable to assign [undefined] to int
[33m  WARN[97m scene[0m: **/modules/sidebarLeft/wifi/WifiPage.qml[485:45]: Unable to assign [undefined] to int
[33m  WARN[97m scene[0m: **/modules/sidebarLeft/wifi/WifiPage.qml[516:45]: Unable to assign [undefined] to int
[33m  WARN[97m scene[0m: **/modules/sidebarLeft/wifi/WifiPage.qml[523:49]: Unable to assign [undefined] to int
[33m  WARN[97m scene[0m: **/modules/sidebarLeft/wifi/WifiPage.qml[531:49]: Unable to assign [undefined] to int
[33m  WARN[97m scene[0m: **/modules/sidebarLeft/wifi/WifiPage.qml[485:45]: Unable to assign [undefined] to int
[33m  WARN[97m scene[0m: **/modules/sidebarLeft/wifi/WifiPage.qml[516:45]: Unable to assign [undefined] to int
[33m  WARN[97m scene[0m: **/modules/sidebarLeft/wifi/WifiPage.qml[523:49]: Unable to assign [undefined] to int
[33m  WARN[97m scene[0m: **/modules/sidebarLeft/wifi/WifiPage.qml[531:49]: Unable to assign [undefined] to int
[33m  WARN[97m scene[0m: **/modules/sidebarLeft/wifi/WifiPage.qml[485:45]: Unable to assign [undefined] to int
[33m  WARN[97m scene[0m: **/modules/sidebarLeft/wifi/WifiPage.qml[516:45]: Unable to assign [undefined] to int
[33m  WARN[97m scene[0m: **/modules/sidebarLeft/wifi/WifiPage.qml[523:49]: Unable to assign [undefined] to int
[33m  WARN[97m scene[0m: **/modules/sidebarLeft/wifi/WifiPage.qml[531:49]: Unable to assign [undefined] to int
[33m  WARN[97m scene[0m: **/modules/sidebarLeft/wifi/WifiPage.qml[485:45]: Unable to assign [undefined] to int
[33m  WARN[97m scene[0m: **/modules/sidebarLeft/wifi/WifiPage.qml[516:45]: Unable to assign [undefined] to int
[33m  WARN[97m scene[0m: **/modules/sidebarLeft/wifi/WifiPage.qml[523:49]: Unable to assign [undefined] to int
[33m  WARN[97m scene[0m: **/modules/sidebarLeft/wifi/WifiPage.qml[531:49]: Unable to assign [undefined] to int
[33m  WARN[97m scene[0m: **/modules/sidebarLeft/wifi/WifiPage.qml[485:45]: Unable to assign [undefined] to int
[33m  WARN[97m scene[0m: **/modules/sidebarLeft/wifi/WifiPage.qml[516:45]: Unable to assign [undefined] to int
[33m  WARN[97m scene[0m: **/modules/sidebarLeft/wifi/WifiPage.qml[523:49]: Unable to assign [undefined] to int
[33m  WARN[97m scene[0m: **/modules/sidebarLeft/wifi/WifiPage.qml[531:49]: Unable to assign [undefined] to int
[33m  WARN[97m scene[0m: **/modules/sidebarLeft/wifi/WifiPage.qml[485:45]: Unable to assign [undefined] to int
[33m  WARN[97m scene[0m: **/modules/sidebarLeft/wifi/WifiPage.qml[516:45]: Unable to assign [undefined] to int
[33m  WARN[97m scene[0m: **/modules/sidebarLeft/wifi/WifiPage.qml[523:49]: Unable to assign [undefined] to int
[33m  WARN[97m scene[0m: **/modules/sidebarLeft/wifi/WifiPage.qml[531:49]: Unable to assign [undefined] to int
[33m  WARN[97m scene[0m: **/modules/sidebarLeft/wifi/WifiPage.qml[485:45]: Unable to assign [undefined] to int
[33m  WARN[97m scene[0m: **/modules/sidebarLeft/wifi/WifiPage.qml[516:45]: Unable to assign [undefined] to int
[33m  WARN[97m scene[0m: **/modules/sidebarLeft/wifi/WifiPage.qml[523:49]: Unable to assign [undefined] to int
[33m  WARN[97m scene[0m: **/modules/sidebarLeft/wifi/WifiPage.qml[531:49]: Unable to assign [undefined] to int
[33m  WARN[97m scene[0m: **/modules/sidebarLeft/wifi/WifiPage.qml[485:45]: Unable to assign [undefined] to int
[33m  WARN[97m scene[0m: **/modules/sidebarLeft/wifi/WifiPage.qml[516:45]: Unable to assign [undefined] to int
[33m  WARN[97m scene[0m: **/modules/sidebarLeft/wifi/WifiPage.qml[523:49]: Unable to assign [undefined] to int
[33m  WARN[97m scene[0m: **/modules/sidebarLeft/wifi/WifiPage.qml[531:49]: Unable to assign [undefined] to int
[33m  WARN[97m scene[0m: **/modules/sidebarLeft/wifi/WifiPage.qml[485:45]: Unable to assign [undefined] to int
[33m  WARN[97m scene[0m: **/modules/sidebarLeft/wifi/WifiPage.qml[516:45]: Unable to assign [undefined] to int
[33m  WARN[97m scene[0m: **/modules/sidebarLeft/wifi/WifiPage.qml[523:49]: Unable to assign [undefined] to int
[33m  WARN[97m scene[0m: **/modules/sidebarLeft/wifi/WifiPage.qml[531:49]: Unable to assign [undefined] to int
[33m  WARN[97m scene[0m: **/modules/sidebarLeft/wifi/WifiPage.qml[485:45]: Unable to assign [undefined] to int
[33m  WARN[97m scene[0m: **/modules/sidebarLeft/wifi/WifiPage.qml[516:45]: Unable to assign [undefined] to int
[33m  WARN[97m scene[0m: **/modules/sidebarLeft/wifi/WifiPage.qml[523:49]: Unable to assign [undefined] to int
[33m  WARN[97m scene[0m: **/modules/sidebarLeft/wifi/WifiPage.qml[531:49]: Unable to assign [undefined] to int
[33m  WARN[97m scene[0m: **/modules/sidebarLeft/wifi/WifiPage.qml[485:45]: Unable to assign [undefined] to int
[33m  WARN[97m scene[0m: **/modules/sidebarLeft/wifi/WifiPage.qml[516:45]: Unable to assign [undefined] to int
[33m  WARN[97m scene[0m: **/modules/sidebarLeft/wifi/WifiPage.qml[523:49]: Unable to assign [undefined] to int
[33m  WARN[97m scene[0m: **/modules/sidebarLeft/wifi/WifiPage.qml[531:49]: Unable to assign [undefined] to int
[33m  WARN[97m scene[0m: **/modules/sidebarLeft/wifi/WifiPage.qml[485:45]: Unable to assign [undefined] to int
[33m  WARN[97m scene[0m: **/modules/sidebarLeft/wifi/WifiPage.qml[516:45]: Unable to assign [undefined] to int
[33m  WARN[97m scene[0m: **/modules/sidebarLeft/wifi/WifiPage.qml[523:49]: Unable to assign [undefined] to int
[33m  WARN[97m scene[0m: **/modules/sidebarLeft/wifi/WifiPage.qml[531:49]: Unable to assign [undefined] to int
[33m  WARN[97m scene[0m: **/modules/sidebarLeft/wifi/WifiPage.qml[485:45]: Unable to assign [undefined] to int
[33m  WARN[97m scene[0m: **/modules/sidebarLeft/wifi/WifiPage.qml[516:45]: Unable to assign [undefined] to int
[33m  WARN[97m scene[0m: **/modules/sidebarLeft/wifi/WifiPage.qml[523:49]: Unable to assign [undefined] to int
[33m  WARN[97m scene[0m: **/modules/sidebarLeft/wifi/WifiPage.qml[531:49]: Unable to assign [undefined] to int
[33m  WARN[97m scene[0m: **/modules/sidebarLeft/wifi/WifiPage.qml[485:45]: Unable to assign [undefined] to int
[33m  WARN[97m scene[0m: **/modules/sidebarLeft/wifi/WifiPage.qml[516:45]: Unable to assign [undefined] to int
[33m  WARN[97m scene[0m: **/modules/sidebarLeft/wifi/WifiPage.qml[523:49]: Unable to assign [undefined] to int
[33m  WARN[97m scene[0m: **/modules/sidebarLeft/wifi/WifiPage.qml[531:49]: Unable to assign [undefined] to int
[33m  WARN[97m scene[0m: **/modules/sidebarLeft/wifi/WifiPage.qml[485:45]: Unable to assign [undefined] to int
[33m  WARN[97m scene[0m: **/modules/sidebarLeft/wifi/WifiPage.qml[516:45]: Unable to assign [undefined] to int
[33m  WARN[97m scene[0m: **/modules/sidebarLeft/wifi/WifiPage.qml[523:49]: Unable to assign [undefined] to int
[33m  WARN[97m scene[0m: **/modules/sidebarLeft/wifi/WifiPage.qml[531:49]: Unable to assign [undefined] to int
[33m  WARN[97m scene[0m: **/modules/sidebarLeft/wifi/WifiPage.qml[485:45]: Unable to assign [undefined] to int
[33m  WARN[97m scene[0m: **/modules/sidebarLeft/wifi/WifiPage.qml[516:45]: Unable to assign [undefined] to int
[33m  WARN[97m scene[0m: **/modules/sidebarLeft/wifi/WifiPage.qml[523:49]: Unable to assign [undefined] to int
[33m  WARN[97m scene[0m: **/modules/sidebarLeft/wifi/WifiPage.qml[531:49]: Unable to assign [undefined] to int
[33m  WARN[97m scene[0m: **/modules/sidebarLeft/wifi/WifiPage.qml[485:45]: Unable to assign [undefined] to int
[33m  WARN[97m scene[0m: **/modules/sidebarLeft/wifi/WifiPage.qml[516:45]: Unable to assign [undefined] to int
[33m  WARN[97m scene[0m: **/modules/sidebarLeft/wifi/WifiPage.qml[523:49]: Unable to assign [undefined] to int
[33m  WARN[97m scene[0m: **/modules/sidebarLeft/wifi/WifiPage.qml[531:49]: Unable to assign [undefined] to int
[33m  WARN[97m scene[0m: **/modules/sidebarLeft/wifi/WifiPage.qml[485:45]: Unable to assign [undefined] to int
[33m  WARN[97m scene[0m: **/modules/sidebarLeft/wifi/WifiPage.qml[516:45]: Unable to assign [undefined] to int
[33m  WARN[97m scene[0m: **/modules/sidebarLeft/wifi/WifiPage.qml[523:49]: Unable to assign [undefined] to int
[33m  WARN[97m scene[0m: **/modules/sidebarLeft/wifi/WifiPage.qml[531:49]: Unable to assign [undefined] to int
[33m  WARN[97m scene[0m: **/modules/sidebarLeft/wifi/WifiPage.qml[485:45]: Unable to assign [undefined] to int
[33m  WARN[97m scene[0m: **/modules/sidebarLeft/wifi/WifiPage.qml[516:45]: Unable to assign [undefined] to int
[33m  WARN[97m scene[0m: **/modules/sidebarLeft/wifi/WifiPage.qml[523:49]: Unable to assign [undefined] to int
[33m  WARN[97m scene[0m: **/modules/sidebarLeft/wifi/WifiPage.qml[531:49]: Unable to assign [undefined] to int
[33m  WARN[97m scene[0m: **/modules/sidebarLeft/wifi/WifiPage.qml[485:45]: Unable to assign [undefined] to int
[33m  WARN[97m scene[0m: **/modules/sidebarLeft/wifi/WifiPage.qml[516:45]: Unable to assign [undefined] to int
[33m  WARN[97m scene[0m: **/modules/sidebarLeft/wifi/WifiPage.qml[523:49]: Unable to assign [undefined] to int
[33m  WARN[97m scene[0m: **/modules/sidebarLeft/wifi/WifiPage.qml[531:49]: Unable to assign [undefined] to int
[33m  WARN[97m scene[0m: **/modules/sidebarLeft/wifi/WifiPage.qml[485:45]: Unable to assign [undefined] to int
[33m  WARN[97m scene[0m: **/modules/sidebarLeft/wifi/WifiPage.qml[516:45]: Unable to assign [undefined] to int
[33m  WARN[97m scene[0m: **/modules/sidebarLeft/wifi/WifiPage.qml[523:49]: Unable to assign [undefined] to int
[33m  WARN[97m scene[0m: **/modules/sidebarLeft/wifi/WifiPage.qml[531:49]: Unable to assign [undefined] to int
[33m  WARN[97m scene[0m: **/modules/sidebarLeft/wifi/WifiPage.qml[485:45]: Unable to assign [undefined] to int
[33m  WARN[97m scene[0m: **/modules/sidebarLeft/wifi/WifiPage.qml[516:45]: Unable to assign [undefined] to int
[33m  WARN[97m scene[0m: **/modules/sidebarLeft/wifi/WifiPage.qml[523:49]: Unable to assign [undefined] to int
[33m  WARN[97m scene[0m: **/modules/sidebarLeft/wifi/WifiPage.qml[531:49]: Unable to assign [undefined] to int
[33m  WARN[97m scene[0m: **/modules/sidebarLeft/wifi/WifiPage.qml[485:45]: Unable to assign [undefined] to int
[33m  WARN[97m scene[0m: **/modules/sidebarLeft/wifi/WifiPage.qml[516:45]: Unable to assign [undefined] to int
[33m  WARN[97m scene[0m: **/modules/sidebarLeft/wifi/WifiPage.qml[523:49]: Unable to assign [undefined] to int
[33m  WARN[97m scene[0m: **/modules/sidebarLeft/wifi/WifiPage.qml[531:49]: Unable to assign [undefined] to int
[33m  WARN[97m scene[0m: **/modules/sidebarLeft/wifi/WifiPage.qml[485:45]: Unable to assign [undefined] to int
[33m  WARN[97m scene[0m: **/modules/sidebarLeft/wifi/WifiPage.qml[516:45]: Unable to assign [undefined] to int
[33m  WARN[97m scene[0m: **/modules/sidebarLeft/wifi/WifiPage.qml[523:49]: Unable to assign [undefined] to int
[33m  WARN[97m scene[0m: **/modules/sidebarLeft/wifi/WifiPage.qml[531:49]: Unable to assign [undefined] to int
